This file contains any messages produced by compilers while
running configure, to aid debugging if configure makes a mistake.

It was created by Virtual Smart Card configure 0.7, which was
generated by GNU Autoconf 2.69.  Invocation command line was

  $ ./configure --build=x86_64-redhat-linux-gnu --host=x86_64-redhat-linux-gnu --program-prefix= --disable-dependency-tracking --prefix=/usr --exec-prefix=/usr --bindir=/usr/bin --sbindir=/usr/sbin --sysconfdir=/etc --datadir=/usr/share --includedir=/usr/include --libdir=/usr/lib64 --libexecdir=/usr/libexec --localstatedir=/var --sharedstatedir=/var/lib --mandir=/usr/share/man --infodir=/usr/share/info

## --------- ##
## Platform. ##
## --------- ##

hostname = localhost.localdomain
uname -m = x86_64
uname -r = 4.18.0-75.el8.x86_64
uname -s = Linux
uname -v = #1 SMP Fri Mar 1 16:46:33 UTC 2019

/usr/bin/uname -p = x86_64
/bin/uname -X     = unknown

/bin/arch              = x86_64
/usr/bin/arch -k       = unknown
/usr/convex/getsysinfo = unknown
/usr/bin/hostinfo      = unknown
/bin/machine           = unknown
/usr/bin/oslevel       = unknown
/bin/universe          = unknown

PATH: /home/user/.local/bin
PATH: /home/user/bin
PATH: /usr/local/sbin
PATH: /usr/local/bin
PATH: /usr/sbin
PATH: /usr/bin
PATH: /root/bin


## ----------- ##
## Core tests. ##
## ----------- ##

configure:2626: checking for a BSD-compatible install
configure:2694: result: /usr/bin/install -c
configure:2705: checking whether build environment is sane
configure:2760: result: yes
configure:2911: checking for a thread-safe mkdir -p
configure:2950: result: /usr/bin/mkdir -p
configure:2957: checking for gawk
configure:2973: found /usr/bin/gawk
configure:2984: result: gawk
configure:2995: checking whether make sets $(MAKE)
configure:3017: result: yes
configure:3046: checking whether make supports nested variables
configure:3063: result: yes
configure:3220: checking build system type
configure:3234: result: x86_64-redhat-linux-gnu
configure:3254: checking host system type
configure:3267: result: x86_64-redhat-linux-gnu
configure:3308: checking how to print strings
configure:3335: result: printf
configure:3360: checking whether make supports the include directive
configure:3375: make -f confmf.GNU && cat confinc.out
this is the am__doit target
configure:3378: $? = 0
configure:3397: result: yes (GNU style)
configure:3427: checking for x86_64-redhat-linux-gnu-gcc
configure:3457: result: no
configure:3467: checking for gcc
configure:3483: found /usr/bin/gcc
configure:3494: result: gcc
configure:3723: checking for C compiler version
configure:3732: gcc --version >&5
gcc (GCC) 8.2.1 20180905 (Red Hat 8.2.1-3)
Copyright (C) 2018 Free Software Foundation, Inc.
This is free software; see the source for copying conditions.  There is NO
warranty; not even for MERCHANTABILITY or FITNESS FOR A PARTICULAR PURPOSE.

configure:3743: $? = 0
configure:3732: gcc -v >&5
Using built-in specs.
COLLECT_GCC=gcc
COLLECT_LTO_WRAPPER=/usr/libexec/gcc/x86_64-redhat-linux/8/lto-wrapper
OFFLOAD_TARGET_NAMES=nvptx-none
OFFLOAD_TARGET_DEFAULT=1
Target: x86_64-redhat-linux
Configured with: ../configure --enable-bootstrap --enable-languages=c,c++,fortran,lto --prefix=/usr --mandir=/usr/share/man --infodir=/usr/share/info --with-bugurl=http://bugzilla.redhat.com/bugzilla --enable-shared --enable-threads=posix --enable-checking=release --enable-multilib --with-system-zlib --enable-__cxa_atexit --disable-libunwind-exceptions --enable-gnu-unique-object --enable-linker-build-id --with-gcc-major-version-only --with-linker-hash-style=gnu --enable-plugin --enable-initfini-array --with-isl --disable-libmpx --enable-offload-targets=nvptx-none --without-cuda-driver --enable-gnu-indirect-function --enable-cet --with-tune=generic --with-arch_32=x86-64 --build=x86_64-redhat-linux
Thread model: posix
gcc version 8.2.1 20180905 (Red Hat 8.2.1-3) (GCC) 
configure:3743: $? = 0
configure:3732: gcc -V >&5
gcc: error: unrecognized command line option '-V'
gcc: fatal error: no input files
compilation terminated.
configure:3743: $? = 1
configure:3732: gcc -qversion >&5
gcc: error: unrecognized command line option '-qversion'; did you mean '--version'?
gcc: fatal error: no input files
compilation terminated.
configure:3743: $? = 1
configure:3763: checking whether the C compiler works
configure:3785: gcc -O2 -g -pipe -Wall -Werror=format-security -Wp,-D_FORTIFY_SOURCE=2 -Wp,-D_GLIBCXX_ASSERTIONS -fexceptions -fstack-protector-strong -grecord-gcc-switches -specs=/usr/lib/rpm/redhat/redhat-hardened-cc1 -specs=/usr/lib/rpm/redhat/redhat-annobin-cc1 -m64 -mtune=generic -fasynchronous-unwind-tables -fstack-clash-protection -fcf-protection  -Wl,-z,relro  -Wl,-z,now -specs=/usr/lib/rpm/redhat/redhat-hardened-ld conftest.c  >&5
configure:3789: $? = 0
configure:3837: result: yes
configure:3840: checking for C compiler default output file name
configure:3842: result: a.out
configure:3848: checking for suffix of executables
configure:3855: gcc -o conftest -O2 -g -pipe -Wall -Werror=format-security -Wp,-D_FORTIFY_SOURCE=2 -Wp,-D_GLIBCXX_ASSERTIONS -fexceptions -fstack-protector-strong -grecord-gcc-switches -specs=/usr/lib/rpm/redhat/redhat-hardened-cc1 -specs=/usr/lib/rpm/redhat/redhat-annobin-cc1 -m64 -mtune=generic -fasynchronous-unwind-tables -fstack-clash-protection -fcf-protection  -Wl,-z,relro  -Wl,-z,now -specs=/usr/lib/rpm/redhat/redhat-hardened-ld conftest.c  >&5
configure:3859: $? = 0
configure:3881: result: 
configure:3903: checking whether we are cross compiling
configure:3911: gcc -o conftest -O2 -g -pipe -Wall -Werror=format-security -Wp,-D_FORTIFY_SOURCE=2 -Wp,-D_GLIBCXX_ASSERTIONS -fexceptions -fstack-protector-strong -grecord-gcc-switches -specs=/usr/lib/rpm/redhat/redhat-hardened-cc1 -specs=/usr/lib/rpm/redhat/redhat-annobin-cc1 -m64 -mtune=generic -fasynchronous-unwind-tables -fstack-clash-protection -fcf-protection  -Wl,-z,relro  -Wl,-z,now -specs=/usr/lib/rpm/redhat/redhat-hardened-ld conftest.c  >&5
configure:3915: $? = 0
configure:3922: ./conftest
configure:3926: $? = 0
configure:3941: result: no
configure:3946: checking for suffix of object files
configure:3968: gcc -c -O2 -g -pipe -Wall -Werror=format-security -Wp,-D_FORTIFY_SOURCE=2 -Wp,-D_GLIBCXX_ASSERTIONS -fexceptions -fstack-protector-strong -grecord-gcc-switches -specs=/usr/lib/rpm/redhat/redhat-hardened-cc1 -specs=/usr/lib/rpm/redhat/redhat-annobin-cc1 -m64 -mtune=generic -fasynchronous-unwind-tables -fstack-clash-protection -fcf-protection  conftest.c >&5
configure:3972: $? = 0
configure:3993: result: o
configure:3997: checking whether we are using the GNU C compiler
configure:4016: gcc -c -O2 -g -pipe -Wall -Werror=format-security -Wp,-D_FORTIFY_SOURCE=2 -Wp,-D_GLIBCXX_ASSERTIONS -fexceptions -fstack-protector-strong -grecord-gcc-switches -specs=/usr/lib/rpm/redhat/redhat-hardened-cc1 -specs=/usr/lib/rpm/redhat/redhat-annobin-cc1 -m64 -mtune=generic -fasynchronous-unwind-tables -fstack-clash-protection -fcf-protection  conftest.c >&5
configure:4016: $? = 0
configure:4025: result: yes
configure:4034: checking whether gcc accepts -g
configure:4054: gcc -c -g  conftest.c >&5
configure:4054: $? = 0
configure:4095: result: yes
configure:4112: checking for gcc option to accept ISO C89
configure:4175: gcc  -c -O2 -g -pipe -Wall -Werror=format-security -Wp,-D_FORTIFY_SOURCE=2 -Wp,-D_GLIBCXX_ASSERTIONS -fexceptions -fstack-protector-strong -grecord-gcc-switches -specs=/usr/lib/rpm/redhat/redhat-hardened-cc1 -specs=/usr/lib/rpm/redhat/redhat-annobin-cc1 -m64 -mtune=generic -fasynchronous-unwind-tables -fstack-clash-protection -fcf-protection  conftest.c >&5
configure:4175: $? = 0
configure:4188: result: none needed
configure:4213: checking whether gcc understands -c and -o together
configure:4235: gcc -c conftest.c -o conftest2.o
configure:4238: $? = 0
configure:4235: gcc -c conftest.c -o conftest2.o
configure:4238: $? = 0
configure:4250: result: yes
configure:4269: checking dependency style of gcc
configure:4380: result: none
configure:4395: checking for a sed that does not truncate output
configure:4459: result: /usr/bin/sed
configure:4477: checking for grep that handles long lines and -e
configure:4535: result: /usr/bin/grep
configure:4540: checking for egrep
configure:4602: result: /usr/bin/grep -E
configure:4607: checking for fgrep
configure:4669: result: /usr/bin/grep -F
configure:4704: checking for ld used by gcc
configure:4771: result: /usr/bin/ld
configure:4778: checking if the linker (/usr/bin/ld) is GNU ld
configure:4793: result: yes
configure:4805: checking for BSD- or MS-compatible name lister (nm)
configure:4859: result: /usr/bin/nm -B
configure:4989: checking the name lister (/usr/bin/nm -B) interface
configure:4996: gcc -c -O2 -g -pipe -Wall -Werror=format-security -Wp,-D_FORTIFY_SOURCE=2 -Wp,-D_GLIBCXX_ASSERTIONS -fexceptions -fstack-protector-strong -grecord-gcc-switches -specs=/usr/lib/rpm/redhat/redhat-hardened-cc1 -specs=/usr/lib/rpm/redhat/redhat-annobin-cc1 -m64 -mtune=generic -fasynchronous-unwind-tables -fstack-clash-protection -fcf-protection  conftest.c >&5
configure:4999: /usr/bin/nm -B "conftest.o"
configure:5002: output
0000000000000000 t .annobin_conftest.c
0000000000000000 t .annobin_conftest.c.hot
0000000000000000 t .annobin_conftest.c.unlikely
0000000000000000 t .annobin_conftest.c_end
0000000000000000 t .annobin_conftest.c_end.hot
0000000000000000 t .annobin_conftest.c_end.unlikely
0000000000000000 n .text.hot..group
0000000000000000 n .text.hot.group
0000000000000000 n .text.unlikely..group
0000000000000000 n .text.unlikely.group
0000000000000000 B some_variable
configure:5009: result: BSD nm
configure:5012: checking whether ln -s works
configure:5016: result: yes
configure:5024: checking the maximum length of command line arguments
configure:5155: result: 1572864
configure:5203: checking how to convert x86_64-redhat-linux-gnu file names to x86_64-redhat-linux-gnu format
configure:5243: result: func_convert_file_noop
configure:5250: checking how to convert x86_64-redhat-linux-gnu file names to toolchain format
configure:5270: result: func_convert_file_noop
configure:5277: checking for /usr/bin/ld option to reload object files
configure:5284: result: -r
configure:5318: checking for x86_64-redhat-linux-gnu-objdump
configure:5348: result: no
configure:5358: checking for objdump
configure:5374: found /usr/bin/objdump
configure:5385: result: objdump
configure:5414: checking how to recognize dependent libraries
configure:5614: result: pass_all
configure:5659: checking for x86_64-redhat-linux-gnu-dlltool
configure:5689: result: no
configure:5699: checking for dlltool
configure:5729: result: no
configure:5756: checking how to associate runtime and link libraries
configure:5783: result: printf %s\n
configure:5800: checking for x86_64-redhat-linux-gnu-ar
configure:5830: result: no
configure:5844: checking for ar
configure:5860: found /usr/bin/ar
configure:5871: result: ar
configure:5908: checking for archiver @FILE support
configure:5925: gcc -c -O2 -g -pipe -Wall -Werror=format-security -Wp,-D_FORTIFY_SOURCE=2 -Wp,-D_GLIBCXX_ASSERTIONS -fexceptions -fstack-protector-strong -grecord-gcc-switches -specs=/usr/lib/rpm/redhat/redhat-hardened-cc1 -specs=/usr/lib/rpm/redhat/redhat-annobin-cc1 -m64 -mtune=generic -fasynchronous-unwind-tables -fstack-clash-protection -fcf-protection  conftest.c >&5
configure:5925: $? = 0
configure:5928: ar cru libconftest.a @conftest.lst >&5
configure:5931: $? = 0
configure:5936: ar cru libconftest.a @conftest.lst >&5
ar: conftest.o: No such file or directory
configure:5939: $? = 1
configure:5951: result: @
configure:5969: checking for x86_64-redhat-linux-gnu-strip
configure:5999: result: no
configure:6009: checking for strip
configure:6025: found /usr/bin/strip
configure:6036: result: strip
configure:6068: checking for x86_64-redhat-linux-gnu-ranlib
configure:6098: result: no
configure:6108: checking for ranlib
configure:6124: found /usr/bin/ranlib
configure:6135: result: ranlib
configure:6237: checking command to parse /usr/bin/nm -B output from gcc object
configure:6390: gcc -c -O2 -g -pipe -Wall -Werror=format-security -Wp,-D_FORTIFY_SOURCE=2 -Wp,-D_GLIBCXX_ASSERTIONS -fexceptions -fstack-protector-strong -grecord-gcc-switches -specs=/usr/lib/rpm/redhat/redhat-hardened-cc1 -specs=/usr/lib/rpm/redhat/redhat-annobin-cc1 -m64 -mtune=generic -fasynchronous-unwind-tables -fstack-clash-protection -fcf-protection  conftest.c >&5
configure:6393: $? = 0
configure:6397: /usr/bin/nm -B conftest.o \| sed -n -e 's/^.*[ ]\([ABCDGIRSTW][ABCDGIRSTW]*\)[ ][ ]*\([_A-Za-z][_A-Za-z0-9]*\)$/\1 \2 \2/p' | sed '/ __gnu_lto/d' \> conftest.nm
configure:6400: $? = 0
configure:6466: gcc -o conftest -O2 -g -pipe -Wall -Werror=format-security -Wp,-D_FORTIFY_SOURCE=2 -Wp,-D_GLIBCXX_ASSERTIONS -fexceptions -fstack-protector-strong -grecord-gcc-switches -specs=/usr/lib/rpm/redhat/redhat-hardened-cc1 -specs=/usr/lib/rpm/redhat/redhat-annobin-cc1 -m64 -mtune=generic -fasynchronous-unwind-tables -fstack-clash-protection -fcf-protection  -Wl,-z,relro  -Wl,-z,now -specs=/usr/lib/rpm/redhat/redhat-hardened-ld conftest.c conftstm.o >&5
configure:6469: $? = 0
configure:6507: result: ok
configure:6554: checking for sysroot
configure:6584: result: no
configure:6591: checking for a working dd
configure:6629: result: /usr/bin/dd
configure:6633: checking how to truncate binary pipes
configure:6648: result: /usr/bin/dd bs=4096 count=1
configure:6784: gcc -c -O2 -g -pipe -Wall -Werror=format-security -Wp,-D_FORTIFY_SOURCE=2 -Wp,-D_GLIBCXX_ASSERTIONS -fexceptions -fstack-protector-strong -grecord-gcc-switches -specs=/usr/lib/rpm/redhat/redhat-hardened-cc1 -specs=/usr/lib/rpm/redhat/redhat-annobin-cc1 -m64 -mtune=generic -fasynchronous-unwind-tables -fstack-clash-protection -fcf-protection  conftest.c >&5
configure:6787: $? = 0
configure:6937: checking for x86_64-redhat-linux-gnu-mt
configure:6967: result: no
configure:6977: checking for mt
configure:7007: result: no
configure:7027: checking if : is a manifest tool
configure:7033: : '-?'
configure:7041: result: no
configure:7718: checking how to run the C preprocessor
configure:7749: gcc -E  conftest.c
configure:7749: $? = 0
configure:7763: gcc -E  conftest.c
conftest.c:11:10: fatal error: ac_nonexistent.h: No such file or directory
 #include <ac_nonexistent.h>
          ^~~~~~~~~~~~~~~~~~
compilation terminated.
configure:7763: $? = 1
configure: failed program was:
| /* confdefs.h */
| #define PACKAGE_NAME "Virtual Smart Card"
| #define PACKAGE_TARNAME "virtualsmartcard"
| #define PACKAGE_VERSION "0.7"
| #define PACKAGE_STRING "Virtual Smart Card 0.7"
| #define PACKAGE_BUGREPORT "https://github.com/frankmorgner/vsmartcard/issues"
| #define PACKAGE_URL "http://frankmorgner.github.io/vsmartcard/virtualsmartcard/README.html"
| #define PACKAGE "virtualsmartcard"
| #define VERSION "0.7"
| /* end confdefs.h.  */
| #include <ac_nonexistent.h>
configure:7788: result: gcc -E
configure:7808: gcc -E  conftest.c
configure:7808: $? = 0
configure:7822: gcc -E  conftest.c
conftest.c:11:10: fatal error: ac_nonexistent.h: No such file or directory
 #include <ac_nonexistent.h>
          ^~~~~~~~~~~~~~~~~~
compilation terminated.
configure:7822: $? = 1
configure: failed program was:
| /* confdefs.h */
| #define PACKAGE_NAME "Virtual Smart Card"
| #define PACKAGE_TARNAME "virtualsmartcard"
| #define PACKAGE_VERSION "0.7"
| #define PACKAGE_STRING "Virtual Smart Card 0.7"
| #define PACKAGE_BUGREPORT "https://github.com/frankmorgner/vsmartcard/issues"
| #define PACKAGE_URL "http://frankmorgner.github.io/vsmartcard/virtualsmartcard/README.html"
| #define PACKAGE "virtualsmartcard"
| #define VERSION "0.7"
| /* end confdefs.h.  */
| #include <ac_nonexistent.h>
configure:7851: checking for ANSI C header files
configure:7871: gcc -c -O2 -g -pipe -Wall -Werror=format-security -Wp,-D_FORTIFY_SOURCE=2 -Wp,-D_GLIBCXX_ASSERTIONS -fexceptions -fstack-protector-strong -grecord-gcc-switches -specs=/usr/lib/rpm/redhat/redhat-hardened-cc1 -specs=/usr/lib/rpm/redhat/redhat-annobin-cc1 -m64 -mtune=generic -fasynchronous-unwind-tables -fstack-clash-protection -fcf-protection  conftest.c >&5
configure:7871: $? = 0
configure:7944: gcc -o conftest -O2 -g -pipe -Wall -Werror=format-security -Wp,-D_FORTIFY_SOURCE=2 -Wp,-D_GLIBCXX_ASSERTIONS -fexceptions -fstack-protector-strong -grecord-gcc-switches -specs=/usr/lib/rpm/redhat/redhat-hardened-cc1 -specs=/usr/lib/rpm/redhat/redhat-annobin-cc1 -m64 -mtune=generic -fasynchronous-unwind-tables -fstack-clash-protection -fcf-protection  -Wl,-z,relro  -Wl,-z,now -specs=/usr/lib/rpm/redhat/redhat-hardened-ld conftest.c  >&5
configure:7944: $? = 0
configure:7944: ./conftest
configure:7944: $? = 0
configure:7955: result: yes
configure:7968: checking for sys/types.h
configure:7968: gcc -c -O2 -g -pipe -Wall -Werror=format-security -Wp,-D_FORTIFY_SOURCE=2 -Wp,-D_GLIBCXX_ASSERTIONS -fexceptions -fstack-protector-strong -grecord-gcc-switches -specs=/usr/lib/rpm/redhat/redhat-hardened-cc1 -specs=/usr/lib/rpm/redhat/redhat-annobin-cc1 -m64 -mtune=generic -fasynchronous-unwind-tables -fstack-clash-protection -fcf-protection  conftest.c >&5
configure:7968: $? = 0
configure:7968: result: yes
configure:7968: checking for sys/stat.h
configure:7968: gcc -c -O2 -g -pipe -Wall -Werror=format-security -Wp,-D_FORTIFY_SOURCE=2 -Wp,-D_GLIBCXX_ASSERTIONS -fexceptions -fstack-protector-strong -grecord-gcc-switches -specs=/usr/lib/rpm/redhat/redhat-hardened-cc1 -specs=/usr/lib/rpm/redhat/redhat-annobin-cc1 -m64 -mtune=generic -fasynchronous-unwind-tables -fstack-clash-protection -fcf-protection  conftest.c >&5
configure:7968: $? = 0
configure:7968: result: yes
configure:7968: checking for stdlib.h
configure:7968: gcc -c -O2 -g -pipe -Wall -Werror=format-security -Wp,-D_FORTIFY_SOURCE=2 -Wp,-D_GLIBCXX_ASSERTIONS -fexceptions -fstack-protector-strong -grecord-gcc-switches -specs=/usr/lib/rpm/redhat/redhat-hardened-cc1 -specs=/usr/lib/rpm/redhat/redhat-annobin-cc1 -m64 -mtune=generic -fasynchronous-unwind-tables -fstack-clash-protection -fcf-protection  conftest.c >&5
configure:7968: $? = 0
configure:7968: result: yes
configure:7968: checking for string.h
configure:7968: gcc -c -O2 -g -pipe -Wall -Werror=format-security -Wp,-D_FORTIFY_SOURCE=2 -Wp,-D_GLIBCXX_ASSERTIONS -fexceptions -fstack-protector-strong -grecord-gcc-switches -specs=/usr/lib/rpm/redhat/redhat-hardened-cc1 -specs=/usr/lib/rpm/redhat/redhat-annobin-cc1 -m64 -mtune=generic -fasynchronous-unwind-tables -fstack-clash-protection -fcf-protection  conftest.c >&5
configure:7968: $? = 0
configure:7968: result: yes
configure:7968: checking for memory.h
configure:7968: gcc -c -O2 -g -pipe -Wall -Werror=format-security -Wp,-D_FORTIFY_SOURCE=2 -Wp,-D_GLIBCXX_ASSERTIONS -fexceptions -fstack-protector-strong -grecord-gcc-switches -specs=/usr/lib/rpm/redhat/redhat-hardened-cc1 -specs=/usr/lib/rpm/redhat/redhat-annobin-cc1 -m64 -mtune=generic -fasynchronous-unwind-tables -fstack-clash-protection -fcf-protection  conftest.c >&5
configure:7968: $? = 0
configure:7968: result: yes
configure:7968: checking for strings.h
configure:7968: gcc -c -O2 -g -pipe -Wall -Werror=format-security -Wp,-D_FORTIFY_SOURCE=2 -Wp,-D_GLIBCXX_ASSERTIONS -fexceptions -fstack-protector-strong -grecord-gcc-switches -specs=/usr/lib/rpm/redhat/redhat-hardened-cc1 -specs=/usr/lib/rpm/redhat/redhat-annobin-cc1 -m64 -mtune=generic -fasynchronous-unwind-tables -fstack-clash-protection -fcf-protection  conftest.c >&5
configure:7968: $? = 0
configure:7968: result: yes
configure:7968: checking for inttypes.h
configure:7968: gcc -c -O2 -g -pipe -Wall -Werror=format-security -Wp,-D_FORTIFY_SOURCE=2 -Wp,-D_GLIBCXX_ASSERTIONS -fexceptions -fstack-protector-strong -grecord-gcc-switches -specs=/usr/lib/rpm/redhat/redhat-hardened-cc1 -specs=/usr/lib/rpm/redhat/redhat-annobin-cc1 -m64 -mtune=generic -fasynchronous-unwind-tables -fstack-clash-protection -fcf-protection  conftest.c >&5
configure:7968: $? = 0
configure:7968: result: yes
configure:7968: checking for stdint.h
configure:7968: gcc -c -O2 -g -pipe -Wall -Werror=format-security -Wp,-D_FORTIFY_SOURCE=2 -Wp,-D_GLIBCXX_ASSERTIONS -fexceptions -fstack-protector-strong -grecord-gcc-switches -specs=/usr/lib/rpm/redhat/redhat-hardened-cc1 -specs=/usr/lib/rpm/redhat/redhat-annobin-cc1 -m64 -mtune=generic -fasynchronous-unwind-tables -fstack-clash-protection -fcf-protection  conftest.c >&5
configure:7968: $? = 0
configure:7968: result: yes
configure:7968: checking for unistd.h
configure:7968: gcc -c -O2 -g -pipe -Wall -Werror=format-security -Wp,-D_FORTIFY_SOURCE=2 -Wp,-D_GLIBCXX_ASSERTIONS -fexceptions -fstack-protector-strong -grecord-gcc-switches -specs=/usr/lib/rpm/redhat/redhat-hardened-cc1 -specs=/usr/lib/rpm/redhat/redhat-annobin-cc1 -m64 -mtune=generic -fasynchronous-unwind-tables -fstack-clash-protection -fcf-protection  conftest.c >&5
configure:7968: $? = 0
configure:7968: result: yes
configure:7982: checking for dlfcn.h
configure:7982: gcc -c -O2 -g -pipe -Wall -Werror=format-security -Wp,-D_FORTIFY_SOURCE=2 -Wp,-D_GLIBCXX_ASSERTIONS -fexceptions -fstack-protector-strong -grecord-gcc-switches -specs=/usr/lib/rpm/redhat/redhat-hardened-cc1 -specs=/usr/lib/rpm/redhat/redhat-annobin-cc1 -m64 -mtune=generic -fasynchronous-unwind-tables -fstack-clash-protection -fcf-protection  conftest.c >&5
configure:7982: $? = 0
configure:7982: result: yes
configure:8536: checking for objdir
configure:8551: result: .libs
configure:8815: checking if gcc supports -fno-rtti -fno-exceptions
configure:8833: gcc -c -O2 -g -pipe -Wall -Werror=format-security -Wp,-D_FORTIFY_SOURCE=2 -Wp,-D_GLIBCXX_ASSERTIONS -fexceptions -fstack-protector-strong -grecord-gcc-switches -specs=/usr/lib/rpm/redhat/redhat-hardened-cc1 -specs=/usr/lib/rpm/redhat/redhat-annobin-cc1 -m64 -mtune=generic -fasynchronous-unwind-tables -fstack-clash-protection -fcf-protection  -fno-rtti -fno-exceptions conftest.c >&5
cc1: warning: command line option '-fno-rtti' is valid for C++/ObjC++ but not for C
configure:8837: $? = 0
configure:8850: result: no
configure:9208: checking for gcc option to produce PIC
configure:9215: result: -fPIC -DPIC
configure:9223: checking if gcc PIC flag -fPIC -DPIC works
configure:9241: gcc -c -O2 -g -pipe -Wall -Werror=format-security -Wp,-D_FORTIFY_SOURCE=2 -Wp,-D_GLIBCXX_ASSERTIONS -fexceptions -fstack-protector-strong -grecord-gcc-switches -specs=/usr/lib/rpm/redhat/redhat-hardened-cc1 -specs=/usr/lib/rpm/redhat/redhat-annobin-cc1 -m64 -mtune=generic -fasynchronous-unwind-tables -fstack-clash-protection -fcf-protection  -fPIC -DPIC -DPIC conftest.c >&5
configure:9245: $? = 0
configure:9258: result: yes
configure:9287: checking if gcc static flag -static works
configure:9315: result: no
configure:9330: checking if gcc supports -c -o file.o
configure:9351: gcc -c -O2 -g -pipe -Wall -Werror=format-security -Wp,-D_FORTIFY_SOURCE=2 -Wp,-D_GLIBCXX_ASSERTIONS -fexceptions -fstack-protector-strong -grecord-gcc-switches -specs=/usr/lib/rpm/redhat/redhat-hardened-cc1 -specs=/usr/lib/rpm/redhat/redhat-annobin-cc1 -m64 -mtune=generic -fasynchronous-unwind-tables -fstack-clash-protection -fcf-protection  -o out/conftest2.o conftest.c >&5
configure:9355: $? = 0
configure:9377: result: yes
configure:9385: checking if gcc supports -c -o file.o
configure:9432: result: yes
configure:9465: checking whether the gcc linker (/usr/bin/ld -m elf_x86_64) supports shared libraries
configure:10724: result: yes
configure:10761: checking whether -lc should be explicitly linked in
configure:10769: gcc -c -O2 -g -pipe -Wall -Werror=format-security -Wp,-D_FORTIFY_SOURCE=2 -Wp,-D_GLIBCXX_ASSERTIONS -fexceptions -fstack-protector-strong -grecord-gcc-switches -specs=/usr/lib/rpm/redhat/redhat-hardened-cc1 -specs=/usr/lib/rpm/redhat/redhat-annobin-cc1 -m64 -mtune=generic -fasynchronous-unwind-tables -fstack-clash-protection -fcf-protection  conftest.c >&5
configure:10772: $? = 0
configure:10787: gcc -shared  -fPIC -DPIC conftest.o  -v -Wl,-soname -Wl,conftest -o conftest 2\>\&1 \| /usr/bin/grep  -lc  \>/dev/null 2\>\&1
configure:10790: $? = 0
configure:10804: result: no
configure:10964: checking dynamic linker characteristics
configure:11545: gcc -o conftest -O2 -g -pipe -Wall -Werror=format-security -Wp,-D_FORTIFY_SOURCE=2 -Wp,-D_GLIBCXX_ASSERTIONS -fexceptions -fstack-protector-strong -grecord-gcc-switches -specs=/usr/lib/rpm/redhat/redhat-hardened-cc1 -specs=/usr/lib/rpm/redhat/redhat-annobin-cc1 -m64 -mtune=generic -fasynchronous-unwind-tables -fstack-clash-protection -fcf-protection  -Wl,-z,relro  -Wl,-z,now -specs=/usr/lib/rpm/redhat/redhat-hardened-ld -Wl,-rpath -Wl,/foo conftest.c  >&5
configure:11545: $? = 0
configure:11785: result: GNU/Linux ld.so
configure:11907: checking how to hardcode library paths into programs
configure:11932: result: immediate
configure:12480: checking whether stripping libraries is possible
configure:12485: result: yes
configure:12520: checking if libtool supports shared libraries
configure:12522: result: yes
configure:12525: checking whether to build shared libraries
configure:12550: result: yes
configure:12553: checking whether to build static libraries
configure:12557: result: yes
configure:12605: checking for x86_64-redhat-linux-gnu-gcc
configure:12632: result: gcc
configure:12901: checking for C compiler version
configure:12910: gcc --version >&5
gcc (GCC) 8.2.1 20180905 (Red Hat 8.2.1-3)
Copyright (C) 2018 Free Software Foundation, Inc.
This is free software; see the source for copying conditions.  There is NO
warranty; not even for MERCHANTABILITY or FITNESS FOR A PARTICULAR PURPOSE.

configure:12921: $? = 0
configure:12910: gcc -v >&5
Using built-in specs.
COLLECT_GCC=gcc
COLLECT_LTO_WRAPPER=/usr/libexec/gcc/x86_64-redhat-linux/8/lto-wrapper
OFFLOAD_TARGET_NAMES=nvptx-none
OFFLOAD_TARGET_DEFAULT=1
Target: x86_64-redhat-linux
Configured with: ../configure --enable-bootstrap --enable-languages=c,c++,fortran,lto --prefix=/usr --mandir=/usr/share/man --infodir=/usr/share/info --with-bugurl=http://bugzilla.redhat.com/bugzilla --enable-shared --enable-threads=posix --enable-checking=release --enable-multilib --with-system-zlib --enable-__cxa_atexit --disable-libunwind-exceptions --enable-gnu-unique-object --enable-linker-build-id --with-gcc-major-version-only --with-linker-hash-style=gnu --enable-plugin --enable-initfini-array --with-isl --disable-libmpx --enable-offload-targets=nvptx-none --without-cuda-driver --enable-gnu-indirect-function --enable-cet --with-tune=generic --with-arch_32=x86-64 --build=x86_64-redhat-linux
Thread model: posix
gcc version 8.2.1 20180905 (Red Hat 8.2.1-3) (GCC) 
configure:12921: $? = 0
configure:12910: gcc -V >&5
gcc: error: unrecognized command line option '-V'
gcc: fatal error: no input files
compilation terminated.
configure:12921: $? = 1
configure:12910: gcc -qversion >&5
gcc: error: unrecognized command line option '-qversion'; did you mean '--version'?
gcc: fatal error: no input files
compilation terminated.
configure:12921: $? = 1
configure:12925: checking whether we are using the GNU C compiler
configure:12953: result: yes
configure:12962: checking whether gcc accepts -g
configure:13023: result: yes
configure:13040: checking for gcc option to accept ISO C89
configure:13116: result: none needed
configure:13141: checking whether gcc understands -c and -o together
configure:13178: result: yes
configure:13197: checking dependency style of gcc
configure:13308: result: none
configure:13325: checking whether ln -s works
configure:13329: result: yes
configure:13336: checking for a sed that does not truncate output
configure:13400: result: /usr/bin/sed
configure:13417: checking for python
configure:13450: result: no
configure:13417: checking for python2
configure:13450: result: no
configure:13417: checking for python3
configure:13435: found /usr/bin/python3
configure:13447: result: /usr/bin/python3
configure:13468: checking for python version
configure:13475: result: 3.6
configure:13487: checking for python platform
configure:13494: result: linux
configure:13520: checking for python script directory
configure:13555: result: ${prefix}/lib/python3.6/site-packages
configure:13564: checking for python extension module directory
configure:13599: result: ${exec_prefix}/lib64/python3.6/site-packages
configure:13626: checking for x86_64-redhat-linux-gnu-g++
configure:13656: result: no
configure:13626: checking for x86_64-redhat-linux-gnu-c++
configure:13656: result: no
configure:13626: checking for x86_64-redhat-linux-gnu-gpp
configure:13656: result: no
configure:13626: checking for x86_64-redhat-linux-gnu-aCC
configure:13656: result: no
configure:13626: checking for x86_64-redhat-linux-gnu-CC
configure:13656: result: no
configure:13626: checking for x86_64-redhat-linux-gnu-cxx
configure:13656: result: no
configure:13626: checking for x86_64-redhat-linux-gnu-cc++
configure:13656: result: no
configure:13626: checking for x86_64-redhat-linux-gnu-cl.exe
configure:13656: result: no
configure:13626: checking for x86_64-redhat-linux-gnu-FCC
configure:13656: result: no
configure:13626: checking for x86_64-redhat-linux-gnu-KCC
configure:13656: result: no
configure:13626: checking for x86_64-redhat-linux-gnu-RCC
configure:13656: result: no
configure:13626: checking for x86_64-redhat-linux-gnu-xlC_r
configure:13656: result: no
configure:13626: checking for x86_64-redhat-linux-gnu-xlC
configure:13656: result: no
configure:13670: checking for g++
configure:13700: result: no
configure:13670: checking for c++
configure:13700: result: no
configure:13670: checking for gpp
configure:13700: result: no
configure:13670: checking for aCC
configure:13700: result: no
configure:13670: checking for CC
configure:13700: result: no
configure:13670: checking for cxx
configure:13700: result: no
configure:13670: checking for cc++
configure:13700: result: no
configure:13670: checking for cl.exe
configure:13700: result: no
configure:13670: checking for FCC
configure:13700: result: no
configure:13670: checking for KCC
configure:13700: result: no
configure:13670: checking for RCC
configure:13700: result: no
configure:13670: checking for xlC_r
configure:13700: result: no
configure:13670: checking for xlC
configure:13700: result: no
configure:13724: checking for C++ compiler version
configure:13733: g++ --version >&5
./configure: line 13735: g++: command not found
configure:13744: $? = 127
configure:13733: g++ -v >&5
./configure: line 13735: g++: command not found
configure:13744: $? = 127
configure:13733: g++ -V >&5
./configure: line 13735: g++: command not found
configure:13744: $? = 127
configure:13733: g++ -qversion >&5
./configure: line 13735: g++: command not found
configure:13744: $? = 127
configure:13748: checking whether we are using the GNU C++ compiler
configure:13767: g++ -c -O2 -g -pipe -Wall -Werror=format-security -Wp,-D_FORTIFY_SOURCE=2 -Wp,-D_GLIBCXX_ASSERTIONS -fexceptions -fstack-protector-strong -grecord-gcc-switches -specs=/usr/lib/rpm/redhat/redhat-hardened-cc1 -specs=/usr/lib/rpm/redhat/redhat-annobin-cc1 -m64 -mtune=generic -fasynchronous-unwind-tables -fstack-clash-protection -fcf-protection  conftest.cpp >&5
./configure: line 1874: g++: command not found
configure:13767: $? = 127
configure: failed program was:
| /* confdefs.h */
| #define PACKAGE_NAME "Virtual Smart Card"
| #define PACKAGE_TARNAME "virtualsmartcard"
| #define PACKAGE_VERSION "0.7"
| #define PACKAGE_STRING "Virtual Smart Card 0.7"
| #define PACKAGE_BUGREPORT "https://github.com/frankmorgner/vsmartcard/issues"
| #define PACKAGE_URL "http://frankmorgner.github.io/vsmartcard/virtualsmartcard/README.html"
| #define PACKAGE "virtualsmartcard"
| #define VERSION "0.7"
| #define STDC_HEADERS 1
| #define HAVE_SYS_TYPES_H 1
| #define HAVE_SYS_STAT_H 1
| #define HAVE_STDLIB_H 1
| #define HAVE_STRING_H 1
| #define HAVE_MEMORY_H 1
| #define HAVE_STRINGS_H 1
| #define HAVE_INTTYPES_H 1
| #define HAVE_STDINT_H 1
| #define HAVE_UNISTD_H 1
| #define HAVE_DLFCN_H 1
| #define LT_OBJDIR ".libs/"
| /* end confdefs.h.  */
| 
| int
| main ()
| {
| #ifndef __GNUC__
|        choke me
| #endif
| 
|   ;
|   return 0;
| }
configure:13776: result: no
configure:13785: checking whether g++ accepts -g
configure:13805: g++ -c -g  conftest.cpp >&5
./configure: line 1874: g++: command not found
configure:13805: $? = 127
configure: failed program was:
| /* confdefs.h */
| #define PACKAGE_NAME "Virtual Smart Card"
| #define PACKAGE_TARNAME "virtualsmartcard"
| #define PACKAGE_VERSION "0.7"
| #define PACKAGE_STRING "Virtual Smart Card 0.7"
| #define PACKAGE_BUGREPORT "https://github.com/frankmorgner/vsmartcard/issues"
| #define PACKAGE_URL "http://frankmorgner.github.io/vsmartcard/virtualsmartcard/README.html"
| #define PACKAGE "virtualsmartcard"
| #define VERSION "0.7"
| #define STDC_HEADERS 1
| #define HAVE_SYS_TYPES_H 1
| #define HAVE_SYS_STAT_H 1
| #define HAVE_STDLIB_H 1
| #define HAVE_STRING_H 1
| #define HAVE_MEMORY_H 1
| #define HAVE_STRINGS_H 1
| #define HAVE_INTTYPES_H 1
| #define HAVE_STDINT_H 1
| #define HAVE_UNISTD_H 1
| #define HAVE_DLFCN_H 1
| #define LT_OBJDIR ".libs/"
| /* end confdefs.h.  */
| 
| int
| main ()
| {
| 
|   ;
|   return 0;
| }
configure:13820: g++ -c   conftest.cpp >&5
./configure: line 1874: g++: command not found
configure:13820: $? = 127
configure: failed program was:
| /* confdefs.h */
| #define PACKAGE_NAME "Virtual Smart Card"
| #define PACKAGE_TARNAME "virtualsmartcard"
| #define PACKAGE_VERSION "0.7"
| #define PACKAGE_STRING "Virtual Smart Card 0.7"
| #define PACKAGE_BUGREPORT "https://github.com/frankmorgner/vsmartcard/issues"
| #define PACKAGE_URL "http://frankmorgner.github.io/vsmartcard/virtualsmartcard/README.html"
| #define PACKAGE "virtualsmartcard"
| #define VERSION "0.7"
| #define STDC_HEADERS 1
| #define HAVE_SYS_TYPES_H 1
| #define HAVE_SYS_STAT_H 1
| #define HAVE_STDLIB_H 1
| #define HAVE_STRING_H 1
| #define HAVE_MEMORY_H 1
| #define HAVE_STRINGS_H 1
| #define HAVE_INTTYPES_H 1
| #define HAVE_STDINT_H 1
| #define HAVE_UNISTD_H 1
| #define HAVE_DLFCN_H 1
| #define LT_OBJDIR ".libs/"
| /* end confdefs.h.  */
| 
| int
| main ()
| {
| 
|   ;
|   return 0;
| }
configure:13836: g++ -c -g  conftest.cpp >&5
./configure: line 1874: g++: command not found
configure:13836: $? = 127
configure: failed program was:
| /* confdefs.h */
| #define PACKAGE_NAME "Virtual Smart Card"
| #define PACKAGE_TARNAME "virtualsmartcard"
| #define PACKAGE_VERSION "0.7"
| #define PACKAGE_STRING "Virtual Smart Card 0.7"
| #define PACKAGE_BUGREPORT "https://github.com/frankmorgner/vsmartcard/issues"
| #define PACKAGE_URL "http://frankmorgner.github.io/vsmartcard/virtualsmartcard/README.html"
| #define PACKAGE "virtualsmartcard"
| #define VERSION "0.7"
| #define STDC_HEADERS 1
| #define HAVE_SYS_TYPES_H 1
| #define HAVE_SYS_STAT_H 1
| #define HAVE_STDLIB_H 1
| #define HAVE_STRING_H 1
| #define HAVE_MEMORY_H 1
| #define HAVE_STRINGS_H 1
| #define HAVE_INTTYPES_H 1
| #define HAVE_STDINT_H 1
| #define HAVE_UNISTD_H 1
| #define HAVE_DLFCN_H 1
| #define LT_OBJDIR ".libs/"
| /* end confdefs.h.  */
| 
| int
| main ()
| {
| 
|   ;
|   return 0;
| }
configure:13846: result: no
configure:13871: checking dependency style of g++
configure:13982: result: none
configure:17327: checking for x86_64-redhat-linux-gnu-pkg-config
configure:17345: found /usr/bin/x86_64-redhat-linux-gnu-pkg-config
configure:17357: result: /usr/bin/x86_64-redhat-linux-gnu-pkg-config
configure:17425: checking pkg-config is at least version 0.9.0
configure:17428: result: yes
configure:17604: checking for the pthreads library -lpthreads
configure:17642: gcc -o conftest -O2 -g -pipe -Wall -Werror=format-security -Wp,-D_FORTIFY_SOURCE=2 -Wp,-D_GLIBCXX_ASSERTIONS -fexceptions -fstack-protector-strong -grecord-gcc-switches -specs=/usr/lib/rpm/redhat/redhat-hardened-cc1 -specs=/usr/lib/rpm/redhat/redhat-annobin-cc1 -m64 -mtune=generic -fasynchronous-unwind-tables -fstack-clash-protection -fcf-protection   -Wl,-z,relro  -Wl,-z,now -specs=/usr/lib/rpm/redhat/redhat-hardened-ld conftest.c -lpthreads  >&5
/usr/bin/ld: cannot find -lpthreads
collect2: error: ld returned 1 exit status
configure:17642: $? = 1
configure: failed program was:
| /* confdefs.h */
| #define PACKAGE_NAME "Virtual Smart Card"
| #define PACKAGE_TARNAME "virtualsmartcard"
| #define PACKAGE_VERSION "0.7"
| #define PACKAGE_STRING "Virtual Smart Card 0.7"
| #define PACKAGE_BUGREPORT "https://github.com/frankmorgner/vsmartcard/issues"
| #define PACKAGE_URL "http://frankmorgner.github.io/vsmartcard/virtualsmartcard/README.html"
| #define PACKAGE "virtualsmartcard"
| #define VERSION "0.7"
| #define STDC_HEADERS 1
| #define HAVE_SYS_TYPES_H 1
| #define HAVE_SYS_STAT_H 1
| #define HAVE_STDLIB_H 1
| #define HAVE_STRING_H 1
| #define HAVE_MEMORY_H 1
| #define HAVE_STRINGS_H 1
| #define HAVE_INTTYPES_H 1
| #define HAVE_STDINT_H 1
| #define HAVE_UNISTD_H 1
| #define HAVE_DLFCN_H 1
| #define LT_OBJDIR ".libs/"
| /* end confdefs.h.  */
| #include <pthread.h>
|                         static void routine(void *a) { a = 0; }
|                         static void *start_routine(void *a) { return a; }
| int
| main ()
| {
| pthread_t th; pthread_attr_t attr;
|                         pthread_create(&th, 0, start_routine, 0);
|                         pthread_join(th, 0);
|                         pthread_attr_init(&attr);
|                         pthread_cleanup_push(routine, 0);
|                         pthread_cleanup_pop(0) /* ; */
|   ;
|   return 0;
| }
configure:17651: result: no
configure:17549: checking whether pthreads work without any flags
configure:17642: gcc -o conftest -O2 -g -pipe -Wall -Werror=format-security -Wp,-D_FORTIFY_SOURCE=2 -Wp,-D_GLIBCXX_ASSERTIONS -fexceptions -fstack-protector-strong -grecord-gcc-switches -specs=/usr/lib/rpm/redhat/redhat-hardened-cc1 -specs=/usr/lib/rpm/redhat/redhat-annobin-cc1 -m64 -mtune=generic -fasynchronous-unwind-tables -fstack-clash-protection -fcf-protection   -Wl,-z,relro  -Wl,-z,now -specs=/usr/lib/rpm/redhat/redhat-hardened-ld conftest.c   >&5
/tmp/ccIMqKMr.o: In function `main':
/home/user/rpmbuild/BUILD/virtualsmartcard-0.7/conftest.c:30: undefined reference to `pthread_create'
/home/user/rpmbuild/BUILD/virtualsmartcard-0.7/conftest.c:31: undefined reference to `pthread_join'
collect2: error: ld returned 1 exit status
configure:17642: $? = 1
configure: failed program was:
| /* confdefs.h */
| #define PACKAGE_NAME "Virtual Smart Card"
| #define PACKAGE_TARNAME "virtualsmartcard"
| #define PACKAGE_VERSION "0.7"
| #define PACKAGE_STRING "Virtual Smart Card 0.7"
| #define PACKAGE_BUGREPORT "https://github.com/frankmorgner/vsmartcard/issues"
| #define PACKAGE_URL "http://frankmorgner.github.io/vsmartcard/virtualsmartcard/README.html"
| #define PACKAGE "virtualsmartcard"
| #define VERSION "0.7"
| #define STDC_HEADERS 1
| #define HAVE_SYS_TYPES_H 1
| #define HAVE_SYS_STAT_H 1
| #define HAVE_STDLIB_H 1
| #define HAVE_STRING_H 1
| #define HAVE_MEMORY_H 1
| #define HAVE_STRINGS_H 1
| #define HAVE_INTTYPES_H 1
| #define HAVE_STDINT_H 1
| #define HAVE_UNISTD_H 1
| #define HAVE_DLFCN_H 1
| #define LT_OBJDIR ".libs/"
| /* end confdefs.h.  */
| #include <pthread.h>
|                         static void routine(void *a) { a = 0; }
|                         static void *start_routine(void *a) { return a; }
| int
| main ()
| {
| pthread_t th; pthread_attr_t attr;
|                         pthread_create(&th, 0, start_routine, 0);
|                         pthread_join(th, 0);
|                         pthread_attr_init(&attr);
|                         pthread_cleanup_push(routine, 0);
|                         pthread_cleanup_pop(0) /* ; */
|   ;
|   return 0;
| }
configure:17651: result: no
configure:17554: checking whether pthreads work with -Kthread
configure:17642: gcc -o conftest -O2 -g -pipe -Wall -Werror=format-security -Wp,-D_FORTIFY_SOURCE=2 -Wp,-D_GLIBCXX_ASSERTIONS -fexceptions -fstack-protector-strong -grecord-gcc-switches -specs=/usr/lib/rpm/redhat/redhat-hardened-cc1 -specs=/usr/lib/rpm/redhat/redhat-annobin-cc1 -m64 -mtune=generic -fasynchronous-unwind-tables -fstack-clash-protection -fcf-protection -Kthread  -Wl,-z,relro  -Wl,-z,now -specs=/usr/lib/rpm/redhat/redhat-hardened-ld conftest.c   >&5
gcc: error: unrecognized command line option '-Kthread'; did you mean '-pthread'?
configure:17642: $? = 1
configure: failed program was:
| /* confdefs.h */
| #define PACKAGE_NAME "Virtual Smart Card"
| #define PACKAGE_TARNAME "virtualsmartcard"
| #define PACKAGE_VERSION "0.7"
| #define PACKAGE_STRING "Virtual Smart Card 0.7"
| #define PACKAGE_BUGREPORT "https://github.com/frankmorgner/vsmartcard/issues"
| #define PACKAGE_URL "http://frankmorgner.github.io/vsmartcard/virtualsmartcard/README.html"
| #define PACKAGE "virtualsmartcard"
| #define VERSION "0.7"
| #define STDC_HEADERS 1
| #define HAVE_SYS_TYPES_H 1
| #define HAVE_SYS_STAT_H 1
| #define HAVE_STDLIB_H 1
| #define HAVE_STRING_H 1
| #define HAVE_MEMORY_H 1
| #define HAVE_STRINGS_H 1
| #define HAVE_INTTYPES_H 1
| #define HAVE_STDINT_H 1
| #define HAVE_UNISTD_H 1
| #define HAVE_DLFCN_H 1
| #define LT_OBJDIR ".libs/"
| /* end confdefs.h.  */
| #include <pthread.h>
|                         static void routine(void *a) { a = 0; }
|                         static void *start_routine(void *a) { return a; }
| int
| main ()
| {
| pthread_t th; pthread_attr_t attr;
|                         pthread_create(&th, 0, start_routine, 0);
|                         pthread_join(th, 0);
|                         pthread_attr_init(&attr);
|                         pthread_cleanup_push(routine, 0);
|                         pthread_cleanup_pop(0) /* ; */
|   ;
|   return 0;
| }
configure:17651: result: no
configure:17554: checking whether pthreads work with -kthread
configure:17642: gcc -o conftest -O2 -g -pipe -Wall -Werror=format-security -Wp,-D_FORTIFY_SOURCE=2 -Wp,-D_GLIBCXX_ASSERTIONS -fexceptions -fstack-protector-strong -grecord-gcc-switches -specs=/usr/lib/rpm/redhat/redhat-hardened-cc1 -specs=/usr/lib/rpm/redhat/redhat-annobin-cc1 -m64 -mtune=generic -fasynchronous-unwind-tables -fstack-clash-protection -fcf-protection -kthread  -Wl,-z,relro  -Wl,-z,now -specs=/usr/lib/rpm/redhat/redhat-hardened-ld conftest.c   >&5
gcc: error: unrecognized command line option '-kthread'; did you mean '-pthread'?
configure:17642: $? = 1
configure: failed program was:
| /* confdefs.h */
| #define PACKAGE_NAME "Virtual Smart Card"
| #define PACKAGE_TARNAME "virtualsmartcard"
| #define PACKAGE_VERSION "0.7"
| #define PACKAGE_STRING "Virtual Smart Card 0.7"
| #define PACKAGE_BUGREPORT "https://github.com/frankmorgner/vsmartcard/issues"
| #define PACKAGE_URL "http://frankmorgner.github.io/vsmartcard/virtualsmartcard/README.html"
| #define PACKAGE "virtualsmartcard"
| #define VERSION "0.7"
| #define STDC_HEADERS 1
| #define HAVE_SYS_TYPES_H 1
| #define HAVE_SYS_STAT_H 1
| #define HAVE_STDLIB_H 1
| #define HAVE_STRING_H 1
| #define HAVE_MEMORY_H 1
| #define HAVE_STRINGS_H 1
| #define HAVE_INTTYPES_H 1
| #define HAVE_STDINT_H 1
| #define HAVE_UNISTD_H 1
| #define HAVE_DLFCN_H 1
| #define LT_OBJDIR ".libs/"
| /* end confdefs.h.  */
| #include <pthread.h>
|                         static void routine(void *a) { a = 0; }
|                         static void *start_routine(void *a) { return a; }
| int
| main ()
| {
| pthread_t th; pthread_attr_t attr;
|                         pthread_create(&th, 0, start_routine, 0);
|                         pthread_join(th, 0);
|                         pthread_attr_init(&attr);
|                         pthread_cleanup_push(routine, 0);
|                         pthread_cleanup_pop(0) /* ; */
|   ;
|   return 0;
| }
configure:17651: result: no
configure:17604: checking for the pthreads library -llthread
configure:17642: gcc -o conftest -O2 -g -pipe -Wall -Werror=format-security -Wp,-D_FORTIFY_SOURCE=2 -Wp,-D_GLIBCXX_ASSERTIONS -fexceptions -fstack-protector-strong -grecord-gcc-switches -specs=/usr/lib/rpm/redhat/redhat-hardened-cc1 -specs=/usr/lib/rpm/redhat/redhat-annobin-cc1 -m64 -mtune=generic -fasynchronous-unwind-tables -fstack-clash-protection -fcf-protection   -Wl,-z,relro  -Wl,-z,now -specs=/usr/lib/rpm/redhat/redhat-hardened-ld conftest.c -llthread  >&5
/usr/bin/ld: cannot find -llthread
collect2: error: ld returned 1 exit status
configure:17642: $? = 1
configure: failed program was:
| /* confdefs.h */
| #define PACKAGE_NAME "Virtual Smart Card"
| #define PACKAGE_TARNAME "virtualsmartcard"
| #define PACKAGE_VERSION "0.7"
| #define PACKAGE_STRING "Virtual Smart Card 0.7"
| #define PACKAGE_BUGREPORT "https://github.com/frankmorgner/vsmartcard/issues"
| #define PACKAGE_URL "http://frankmorgner.github.io/vsmartcard/virtualsmartcard/README.html"
| #define PACKAGE "virtualsmartcard"
| #define VERSION "0.7"
| #define STDC_HEADERS 1
| #define HAVE_SYS_TYPES_H 1
| #define HAVE_SYS_STAT_H 1
| #define HAVE_STDLIB_H 1
| #define HAVE_STRING_H 1
| #define HAVE_MEMORY_H 1
| #define HAVE_STRINGS_H 1
| #define HAVE_INTTYPES_H 1
| #define HAVE_STDINT_H 1
| #define HAVE_UNISTD_H 1
| #define HAVE_DLFCN_H 1
| #define LT_OBJDIR ".libs/"
| /* end confdefs.h.  */
| #include <pthread.h>
|                         static void routine(void *a) { a = 0; }
|                         static void *start_routine(void *a) { return a; }
| int
| main ()
| {
| pthread_t th; pthread_attr_t attr;
|                         pthread_create(&th, 0, start_routine, 0);
|                         pthread_join(th, 0);
|                         pthread_attr_init(&attr);
|                         pthread_cleanup_push(routine, 0);
|                         pthread_cleanup_pop(0) /* ; */
|   ;
|   return 0;
| }
configure:17651: result: no
configure:17554: checking whether pthreads work with -pthread
configure:17642: gcc -o conftest -O2 -g -pipe -Wall -Werror=format-security -Wp,-D_FORTIFY_SOURCE=2 -Wp,-D_GLIBCXX_ASSERTIONS -fexceptions -fstack-protector-strong -grecord-gcc-switches -specs=/usr/lib/rpm/redhat/redhat-hardened-cc1 -specs=/usr/lib/rpm/redhat/redhat-annobin-cc1 -m64 -mtune=generic -fasynchronous-unwind-tables -fstack-clash-protection -fcf-protection -pthread  -Wl,-z,relro  -Wl,-z,now -specs=/usr/lib/rpm/redhat/redhat-hardened-ld conftest.c   >&5
configure:17642: $? = 0
configure:17651: result: yes
configure:17670: checking for joinable pthread attribute
configure:17685: gcc -o conftest -O2 -g -pipe -Wall -Werror=format-security -Wp,-D_FORTIFY_SOURCE=2 -Wp,-D_GLIBCXX_ASSERTIONS -fexceptions -fstack-protector-strong -grecord-gcc-switches -specs=/usr/lib/rpm/redhat/redhat-hardened-cc1 -specs=/usr/lib/rpm/redhat/redhat-annobin-cc1 -m64 -mtune=generic -fasynchronous-unwind-tables -fstack-clash-protection -fcf-protection -pthread  -Wl,-z,relro  -Wl,-z,now -specs=/usr/lib/rpm/redhat/redhat-hardened-ld conftest.c   >&5
configure:17685: $? = 0
configure:17691: result: PTHREAD_CREATE_JOINABLE
configure:17701: checking if more special flags are required for pthreads
configure:17715: result: no
configure:17721: checking for PTHREAD_PRIO_INHERIT
configure:17739: gcc -o conftest -O2 -g -pipe -Wall -Werror=format-security -Wp,-D_FORTIFY_SOURCE=2 -Wp,-D_GLIBCXX_ASSERTIONS -fexceptions -fstack-protector-strong -grecord-gcc-switches -specs=/usr/lib/rpm/redhat/redhat-hardened-cc1 -specs=/usr/lib/rpm/redhat/redhat-annobin-cc1 -m64 -mtune=generic -fasynchronous-unwind-tables -fstack-clash-protection -fcf-protection -pthread  -Wl,-z,relro  -Wl,-z,now -specs=/usr/lib/rpm/redhat/redhat-hardened-ld conftest.c   >&5
conftest.c: In function 'main':
conftest.c:28:5: warning: unused variable 'i' [-Wunused-variable]
 int i = PTHREAD_PRIO_INHERIT;
     ^
configure:17739: $? = 0
configure:17748: result: yes
configure:17850: checking for help2man
configure:17868: found /usr/bin/help2man
configure:17881: result: /usr/bin/help2man
configure:17906: checking whether make supports nested variables
configure:17923: result: yes
configure:17948: $PKG_CONFIG --exists --print-errors "libpcsclite"
configure:17951: $? = 0
configure:17955: checking for PCSC
configure:17962: $PKG_CONFIG --exists --print-errors "libpcsclite"
configure:17965: $? = 0
configure:17979: $PKG_CONFIG --exists --print-errors "libpcsclite"
configure:17982: $? = 0
configure:18040: result: yes
configure:18053: checking ifdhandler.h usability
configure:18053: gcc -c -O2 -g -pipe -Wall -Werror=format-security -Wp,-D_FORTIFY_SOURCE=2 -Wp,-D_GLIBCXX_ASSERTIONS -fexceptions -fstack-protector-strong -grecord-gcc-switches -specs=/usr/lib/rpm/redhat/redhat-hardened-cc1 -specs=/usr/lib/rpm/redhat/redhat-annobin-cc1 -m64 -mtune=generic -fasynchronous-unwind-tables -fstack-clash-protection -fcf-protection  -I/usr/include/PCSC -pthread  conftest.c >&5
configure:18053: $? = 0
configure:18053: result: yes
configure:18053: checking ifdhandler.h presence
configure:18053: gcc -E  -I/usr/include/PCSC -pthread  conftest.c
configure:18053: $? = 0
configure:18053: result: yes
configure:18053: checking for ifdhandler.h
configure:18053: result: yes
configure:18147: $PKG_CONFIG --exists --print-errors "libqrencode"
Package libqrencode was not found in the pkg-config search path.
Perhaps you should add the directory containing `libqrencode.pc'
to the PKG_CONFIG_PATH environment variable
Package 'libqrencode', required by 'virtual:world', not found
configure:18150: $? = 1
configure:18244: WARNING: libqrencode not found by pkg-config
configure:18251: checking qrencode.h usability
configure:18251: gcc -c -O2 -g -pipe -Wall -Werror=format-security -Wp,-D_FORTIFY_SOURCE=2 -Wp,-D_GLIBCXX_ASSERTIONS -fexceptions -fstack-protector-strong -grecord-gcc-switches -specs=/usr/lib/rpm/redhat/redhat-hardened-cc1 -specs=/usr/lib/rpm/redhat/redhat-annobin-cc1 -m64 -mtune=generic -fasynchronous-unwind-tables -fstack-clash-protection -fcf-protection   -I./src/opensc/src conftest.c >&5
conftest.c:60:10: fatal error: qrencode.h: No such file or directory
 #include <qrencode.h>
          ^~~~~~~~~~~~
compilation terminated.
configure:18251: $? = 1
configure: failed program was:
| /* confdefs.h */
| #define PACKAGE_NAME "Virtual Smart Card"
| #define PACKAGE_TARNAME "virtualsmartcard"
| #define PACKAGE_VERSION "0.7"
| #define PACKAGE_STRING "Virtual Smart Card 0.7"
| #define PACKAGE_BUGREPORT "https://github.com/frankmorgner/vsmartcard/issues"
| #define PACKAGE_URL "http://frankmorgner.github.io/vsmartcard/virtualsmartcard/README.html"
| #define PACKAGE "virtualsmartcard"
| #define VERSION "0.7"
| #define STDC_HEADERS 1
| #define HAVE_SYS_TYPES_H 1
| #define HAVE_SYS_STAT_H 1
| #define HAVE_STDLIB_H 1
| #define HAVE_STRING_H 1
| #define HAVE_MEMORY_H 1
| #define HAVE_STRINGS_H 1
| #define HAVE_INTTYPES_H 1
| #define HAVE_STDINT_H 1
| #define HAVE_UNISTD_H 1
| #define HAVE_DLFCN_H 1
| #define LT_OBJDIR ".libs/"
| #define HAVE_PTHREAD_PRIO_INHERIT 1
| #define HAVE_PTHREAD 1
| #define HAVE_IFDHANDLER_H 1
| #define VPCDHOST NULL
| /* end confdefs.h.  */
| #include <stdio.h>
| #ifdef HAVE_SYS_TYPES_H
| # include <sys/types.h>
| #endif
| #ifdef HAVE_SYS_STAT_H
| # include <sys/stat.h>
| #endif
| #ifdef STDC_HEADERS
| # include <stdlib.h>
| # include <stddef.h>
| #else
| # ifdef HAVE_STDLIB_H
| #  include <stdlib.h>
| # endif
| #endif
| #ifdef HAVE_STRING_H
| # if !defined STDC_HEADERS && defined HAVE_MEMORY_H
| #  include <memory.h>
| # endif
| # include <string.h>
| #endif
| #ifdef HAVE_STRINGS_H
| # include <strings.h>
| #endif
| #ifdef HAVE_INTTYPES_H
| # include <inttypes.h>
| #endif
| #ifdef HAVE_STDINT_H
| # include <stdint.h>
| #endif
| #ifdef HAVE_UNISTD_H
| # include <unistd.h>
| #endif
| #include <qrencode.h>
configure:18251: result: no
configure:18251: checking qrencode.h presence
configure:18251: gcc -E   -I./src/opensc/src conftest.c
conftest.c:27:10: fatal error: qrencode.h: No such file or directory
 #include <qrencode.h>
          ^~~~~~~~~~~~
compilation terminated.
configure:18251: $? = 1
configure: failed program was:
| /* confdefs.h */
| #define PACKAGE_NAME "Virtual Smart Card"
| #define PACKAGE_TARNAME "virtualsmartcard"
| #define PACKAGE_VERSION "0.7"
| #define PACKAGE_STRING "Virtual Smart Card 0.7"
| #define PACKAGE_BUGREPORT "https://github.com/frankmorgner/vsmartcard/issues"
| #define PACKAGE_URL "http://frankmorgner.github.io/vsmartcard/virtualsmartcard/README.html"
| #define PACKAGE "virtualsmartcard"
| #define VERSION "0.7"
| #define STDC_HEADERS 1
| #define HAVE_SYS_TYPES_H 1
| #define HAVE_SYS_STAT_H 1
| #define HAVE_STDLIB_H 1
| #define HAVE_STRING_H 1
| #define HAVE_MEMORY_H 1
| #define HAVE_STRINGS_H 1
| #define HAVE_INTTYPES_H 1
| #define HAVE_STDINT_H 1
| #define HAVE_UNISTD_H 1
| #define HAVE_DLFCN_H 1
| #define LT_OBJDIR ".libs/"
| #define HAVE_PTHREAD_PRIO_INHERIT 1
| #define HAVE_PTHREAD 1
| #define HAVE_IFDHANDLER_H 1
| #define VPCDHOST NULL
| /* end confdefs.h.  */
| #include <qrencode.h>
configure:18251: result: no
configure:18251: checking for qrencode.h
configure:18251: result: no
configure:18263: checking for QRcode_encodeString
configure:18283: gcc -o conftest -O2 -g -pipe -Wall -Werror=format-security -Wp,-D_FORTIFY_SOURCE=2 -Wp,-D_GLIBCXX_ASSERTIONS -fexceptions -fstack-protector-strong -grecord-gcc-switches -specs=/usr/lib/rpm/redhat/redhat-hardened-cc1 -specs=/usr/lib/rpm/redhat/redhat-annobin-cc1 -m64 -mtune=generic -fasynchronous-unwind-tables -fstack-clash-protection -fcf-protection   -I./src/opensc/src -Wl,-z,relro  -Wl,-z,now -specs=/usr/lib/rpm/redhat/redhat-hardened-ld conftest.c -Wl,-z,relro  -Wl,-z,now -specs=/usr/lib/rpm/redhat/redhat-hardened-ld  >&5
/tmp/ccVRFzkR.o: In function `main':
/home/user/rpmbuild/BUILD/virtualsmartcard-0.7/conftest.c:38: undefined reference to `QRcode_encodeString'
collect2: error: ld returned 1 exit status
configure:18283: $? = 1
configure: failed program was:
| /* confdefs.h */
| #define PACKAGE_NAME "Virtual Smart Card"
| #define PACKAGE_TARNAME "virtualsmartcard"
| #define PACKAGE_VERSION "0.7"
| #define PACKAGE_STRING "Virtual Smart Card 0.7"
| #define PACKAGE_BUGREPORT "https://github.com/frankmorgner/vsmartcard/issues"
| #define PACKAGE_URL "http://frankmorgner.github.io/vsmartcard/virtualsmartcard/README.html"
| #define PACKAGE "virtualsmartcard"
| #define VERSION "0.7"
| #define STDC_HEADERS 1
| #define HAVE_SYS_TYPES_H 1
| #define HAVE_SYS_STAT_H 1
| #define HAVE_STDLIB_H 1
| #define HAVE_STRING_H 1
| #define HAVE_MEMORY_H 1
| #define HAVE_STRINGS_H 1
| #define HAVE_INTTYPES_H 1
| #define HAVE_STDINT_H 1
| #define HAVE_UNISTD_H 1
| #define HAVE_DLFCN_H 1
| #define LT_OBJDIR ".libs/"
| #define HAVE_PTHREAD_PRIO_INHERIT 1
| #define HAVE_PTHREAD 1
| #define HAVE_IFDHANDLER_H 1
| #define VPCDHOST NULL
| /* end confdefs.h.  */
| 
| /* Override any GCC internal prototype to avoid an error.
|    Use char because int might match the return type of a GCC
|    builtin and then its argument prototype would still apply.  */
| #ifdef __cplusplus
| extern "C"
| #endif
| char QRcode_encodeString ();
| int
| main ()
| {
| return QRcode_encodeString ();
|   ;
|   return 0;
| }
configure:18317: checking arpa/inet.h usability
configure:18317: gcc -c -O2 -g -pipe -Wall -Werror=format-security -Wp,-D_FORTIFY_SOURCE=2 -Wp,-D_GLIBCXX_ASSERTIONS -fexceptions -fstack-protector-strong -grecord-gcc-switches -specs=/usr/lib/rpm/redhat/redhat-hardened-cc1 -specs=/usr/lib/rpm/redhat/redhat-annobin-cc1 -m64 -mtune=generic -fasynchronous-unwind-tables -fstack-clash-protection -fcf-protection  conftest.c >&5
configure:18317: $? = 0
configure:18317: result: yes
configure:18317: checking arpa/inet.h presence
configure:18317: gcc -E  conftest.c
configure:18317: $? = 0
configure:18317: result: yes
configure:18317: checking for arpa/inet.h
configure:18317: result: yes
configure:18317: checking for stdint.h
configure:18317: result: yes
configure:18317: checking for stdlib.h
configure:18317: result: yes
configure:18317: checking for string.h
configure:18317: result: yes
configure:18317: checking sys/socket.h usability
configure:18317: gcc -c -O2 -g -pipe -Wall -Werror=format-security -Wp,-D_FORTIFY_SOURCE=2 -Wp,-D_GLIBCXX_ASSERTIONS -fexceptions -fstack-protector-strong -grecord-gcc-switches -specs=/usr/lib/rpm/redhat/redhat-hardened-cc1 -specs=/usr/lib/rpm/redhat/redhat-annobin-cc1 -m64 -mtune=generic -fasynchronous-unwind-tables -fstack-clash-protection -fcf-protection  conftest.c >&5
configure:18317: $? = 0
configure:18317: result: yes
configure:18317: checking sys/socket.h presence
configure:18317: gcc -E  conftest.c
configure:18317: $? = 0
configure:18317: result: yes
configure:18317: checking for sys/socket.h
configure:18317: result: yes
configure:18317: checking sys/time.h usability
configure:18317: gcc -c -O2 -g -pipe -Wall -Werror=format-security -Wp,-D_FORTIFY_SOURCE=2 -Wp,-D_GLIBCXX_ASSERTIONS -fexceptions -fstack-protector-strong -grecord-gcc-switches -specs=/usr/lib/rpm/redhat/redhat-hardened-cc1 -specs=/usr/lib/rpm/redhat/redhat-annobin-cc1 -m64 -mtune=generic -fasynchronous-unwind-tables -fstack-clash-protection -fcf-protection  conftest.c >&5
configure:18317: $? = 0
configure:18317: result: yes
configure:18317: checking sys/time.h presence
configure:18317: gcc -E  conftest.c
configure:18317: $? = 0
configure:18317: result: yes
configure:18317: checking for sys/time.h
configure:18317: result: yes
configure:18317: checking for unistd.h
configure:18317: result: yes
configure:18329: checking for size_t
configure:18329: gcc -c -O2 -g -pipe -Wall -Werror=format-security -Wp,-D_FORTIFY_SOURCE=2 -Wp,-D_GLIBCXX_ASSERTIONS -fexceptions -fstack-protector-strong -grecord-gcc-switches -specs=/usr/lib/rpm/redhat/redhat-hardened-cc1 -specs=/usr/lib/rpm/redhat/redhat-annobin-cc1 -m64 -mtune=generic -fasynchronous-unwind-tables -fstack-clash-protection -fcf-protection  conftest.c >&5
configure:18329: $? = 0
configure:18329: gcc -c -O2 -g -pipe -Wall -Werror=format-security -Wp,-D_FORTIFY_SOURCE=2 -Wp,-D_GLIBCXX_ASSERTIONS -fexceptions -fstack-protector-strong -grecord-gcc-switches -specs=/usr/lib/rpm/redhat/redhat-hardened-cc1 -specs=/usr/lib/rpm/redhat/redhat-annobin-cc1 -m64 -mtune=generic -fasynchronous-unwind-tables -fstack-clash-protection -fcf-protection  conftest.c >&5
conftest.c: In function 'main':
conftest.c:70:21: error: expected expression before ')' token
 if (sizeof ((size_t)))
                     ^
configure:18329: $? = 1
configure: failed program was:
| /* confdefs.h */
| #define PACKAGE_NAME "Virtual Smart Card"
| #define PACKAGE_TARNAME "virtualsmartcard"
| #define PACKAGE_VERSION "0.7"
| #define PACKAGE_STRING "Virtual Smart Card 0.7"
| #define PACKAGE_BUGREPORT "https://github.com/frankmorgner/vsmartcard/issues"
| #define PACKAGE_URL "http://frankmorgner.github.io/vsmartcard/virtualsmartcard/README.html"
| #define PACKAGE "virtualsmartcard"
| #define VERSION "0.7"
| #define STDC_HEADERS 1
| #define HAVE_SYS_TYPES_H 1
| #define HAVE_SYS_STAT_H 1
| #define HAVE_STDLIB_H 1
| #define HAVE_STRING_H 1
| #define HAVE_MEMORY_H 1
| #define HAVE_STRINGS_H 1
| #define HAVE_INTTYPES_H 1
| #define HAVE_STDINT_H 1
| #define HAVE_UNISTD_H 1
| #define HAVE_DLFCN_H 1
| #define LT_OBJDIR ".libs/"
| #define HAVE_PTHREAD_PRIO_INHERIT 1
| #define HAVE_PTHREAD 1
| #define HAVE_IFDHANDLER_H 1
| #define VPCDHOST NULL
| #define HAVE_ARPA_INET_H 1
| #define HAVE_STDINT_H 1
| #define HAVE_STDLIB_H 1
| #define HAVE_STRING_H 1
| #define HAVE_SYS_SOCKET_H 1
| #define HAVE_SYS_TIME_H 1
| #define HAVE_UNISTD_H 1
| /* end confdefs.h.  */
| #include <stdio.h>
| #ifdef HAVE_SYS_TYPES_H
| # include <sys/types.h>
| #endif
| #ifdef HAVE_SYS_STAT_H
| # include <sys/stat.h>
| #endif
| #ifdef STDC_HEADERS
| # include <stdlib.h>
| # include <stddef.h>
| #else
| # ifdef HAVE_STDLIB_H
| #  include <stdlib.h>
| # endif
| #endif
| #ifdef HAVE_STRING_H
| # if !defined STDC_HEADERS && defined HAVE_MEMORY_H
| #  include <memory.h>
| # endif
| # include <string.h>
| #endif
| #ifdef HAVE_STRINGS_H
| # include <strings.h>
| #endif
| #ifdef HAVE_INTTYPES_H
| # include <inttypes.h>
| #endif
| #ifdef HAVE_STDINT_H
| # include <stdint.h>
| #endif
| #ifdef HAVE_UNISTD_H
| # include <unistd.h>
| #endif
| int
| main ()
| {
| if (sizeof ((size_t)))
| 	    return 0;
|   ;
|   return 0;
| }
configure:18329: result: yes
configure:18340: checking for uint16_t
configure:18340: gcc -c -O2 -g -pipe -Wall -Werror=format-security -Wp,-D_FORTIFY_SOURCE=2 -Wp,-D_GLIBCXX_ASSERTIONS -fexceptions -fstack-protector-strong -grecord-gcc-switches -specs=/usr/lib/rpm/redhat/redhat-hardened-cc1 -specs=/usr/lib/rpm/redhat/redhat-annobin-cc1 -m64 -mtune=generic -fasynchronous-unwind-tables -fstack-clash-protection -fcf-protection  conftest.c >&5
configure:18340: $? = 0
configure:18340: result: yes
configure:18352: checking whether SO_NOSIGPIPE is declared
configure:18352: gcc -c -O2 -g -pipe -Wall -Werror=format-security -Wp,-D_FORTIFY_SOURCE=2 -Wp,-D_GLIBCXX_ASSERTIONS -fexceptions -fstack-protector-strong -grecord-gcc-switches -specs=/usr/lib/rpm/redhat/redhat-hardened-cc1 -specs=/usr/lib/rpm/redhat/redhat-annobin-cc1 -m64 -mtune=generic -fasynchronous-unwind-tables -fstack-clash-protection -fcf-protection  conftest.c >&5
conftest.c: In function 'main':
conftest.c:43:10: error: 'SO_NOSIGPIPE' undeclared (first use in this function); did you mean 'SO_OOBINLINE'?
   (void) SO_NOSIGPIPE;
          ^~~~~~~~~~~~
          SO_OOBINLINE
conftest.c:43:10: note: each undeclared identifier is reported only once for each function it appears in
configure:18352: $? = 1
configure: failed program was:
| /* confdefs.h */
| #define PACKAGE_NAME "Virtual Smart Card"
| #define PACKAGE_TARNAME "virtualsmartcard"
| #define PACKAGE_VERSION "0.7"
| #define PACKAGE_STRING "Virtual Smart Card 0.7"
| #define PACKAGE_BUGREPORT "https://github.com/frankmorgner/vsmartcard/issues"
| #define PACKAGE_URL "http://frankmorgner.github.io/vsmartcard/virtualsmartcard/README.html"
| #define PACKAGE "virtualsmartcard"
| #define VERSION "0.7"
| #define STDC_HEADERS 1
| #define HAVE_SYS_TYPES_H 1
| #define HAVE_SYS_STAT_H 1
| #define HAVE_STDLIB_H 1
| #define HAVE_STRING_H 1
| #define HAVE_MEMORY_H 1
| #define HAVE_STRINGS_H 1
| #define HAVE_INTTYPES_H 1
| #define HAVE_STDINT_H 1
| #define HAVE_UNISTD_H 1
| #define HAVE_DLFCN_H 1
| #define LT_OBJDIR ".libs/"
| #define HAVE_PTHREAD_PRIO_INHERIT 1
| #define HAVE_PTHREAD 1
| #define HAVE_IFDHANDLER_H 1
| #define VPCDHOST NULL
| #define HAVE_ARPA_INET_H 1
| #define HAVE_STDINT_H 1
| #define HAVE_STDLIB_H 1
| #define HAVE_STRING_H 1
| #define HAVE_SYS_SOCKET_H 1
| #define HAVE_SYS_TIME_H 1
| #define HAVE_UNISTD_H 1
| /* end confdefs.h.  */
| #include <sys/socket.h>
| 
| int
| main ()
| {
| #ifndef SO_NOSIGPIPE
| #ifdef __cplusplus
|   (void) SO_NOSIGPIPE;
| #else
|   (void) SO_NOSIGPIPE;
| #endif
| #endif
| 
|   ;
|   return 0;
| }
configure:18352: result: no
configure:18364: checking whether MSG_NOSIGNAL is declared
configure:18364: gcc -c -O2 -g -pipe -Wall -Werror=format-security -Wp,-D_FORTIFY_SOURCE=2 -Wp,-D_GLIBCXX_ASSERTIONS -fexceptions -fstack-protector-strong -grecord-gcc-switches -specs=/usr/lib/rpm/redhat/redhat-hardened-cc1 -specs=/usr/lib/rpm/redhat/redhat-annobin-cc1 -m64 -mtune=generic -fasynchronous-unwind-tables -fstack-clash-protection -fcf-protection  conftest.c >&5
configure:18364: $? = 0
configure:18364: result: yes
configure:18380: checking for stdlib.h
configure:18380: result: yes
configure:18390: checking for GNU libc compatible malloc
configure:18414: gcc -o conftest -O2 -g -pipe -Wall -Werror=format-security -Wp,-D_FORTIFY_SOURCE=2 -Wp,-D_GLIBCXX_ASSERTIONS -fexceptions -fstack-protector-strong -grecord-gcc-switches -specs=/usr/lib/rpm/redhat/redhat-hardened-cc1 -specs=/usr/lib/rpm/redhat/redhat-annobin-cc1 -m64 -mtune=generic -fasynchronous-unwind-tables -fstack-clash-protection -fcf-protection  -Wl,-z,relro  -Wl,-z,now -specs=/usr/lib/rpm/redhat/redhat-hardened-ld conftest.c  >&5
configure:18414: $? = 0
configure:18414: ./conftest
configure:18414: $? = 0
configure:18424: result: yes
configure:18448: checking for memset
configure:18448: gcc -o conftest -O2 -g -pipe -Wall -Werror=format-security -Wp,-D_FORTIFY_SOURCE=2 -Wp,-D_GLIBCXX_ASSERTIONS -fexceptions -fstack-protector-strong -grecord-gcc-switches -specs=/usr/lib/rpm/redhat/redhat-hardened-cc1 -specs=/usr/lib/rpm/redhat/redhat-annobin-cc1 -m64 -mtune=generic -fasynchronous-unwind-tables -fstack-clash-protection -fcf-protection  -Wl,-z,relro  -Wl,-z,now -specs=/usr/lib/rpm/redhat/redhat-hardened-ld conftest.c  >&5
conftest.c:61:6: warning: conflicting types for built-in function 'memset' [-Wbuiltin-declaration-mismatch]
 char memset ();
      ^~~~~~
configure:18448: $? = 0
configure:18448: result: yes
configure:18448: checking for select
configure:18448: gcc -o conftest -O2 -g -pipe -Wall -Werror=format-security -Wp,-D_FORTIFY_SOURCE=2 -Wp,-D_GLIBCXX_ASSERTIONS -fexceptions -fstack-protector-strong -grecord-gcc-switches -specs=/usr/lib/rpm/redhat/redhat-hardened-cc1 -specs=/usr/lib/rpm/redhat/redhat-annobin-cc1 -m64 -mtune=generic -fasynchronous-unwind-tables -fstack-clash-protection -fcf-protection  -Wl,-z,relro  -Wl,-z,now -specs=/usr/lib/rpm/redhat/redhat-hardened-ld conftest.c  >&5
configure:18448: $? = 0
configure:18448: result: yes
configure:18448: checking for socket
configure:18448: gcc -o conftest -O2 -g -pipe -Wall -Werror=format-security -Wp,-D_FORTIFY_SOURCE=2 -Wp,-D_GLIBCXX_ASSERTIONS -fexceptions -fstack-protector-strong -grecord-gcc-switches -specs=/usr/lib/rpm/redhat/redhat-hardened-cc1 -specs=/usr/lib/rpm/redhat/redhat-annobin-cc1 -m64 -mtune=generic -fasynchronous-unwind-tables -fstack-clash-protection -fcf-protection  -Wl,-z,relro  -Wl,-z,now -specs=/usr/lib/rpm/redhat/redhat-hardened-ld conftest.c  >&5
configure:18448: $? = 0
configure:18448: result: yes
configure:18656: checking that generated files are newer than configure
configure:18662: result: done
configure:18701: creating ./config.status

## ---------------------- ##
## Running config.status. ##
## ---------------------- ##

This file was extended by Virtual Smart Card config.status 0.7, which was
generated by GNU Autoconf 2.69.  Invocation command line was

  CONFIG_FILES    = 
  CONFIG_HEADERS  = 
  CONFIG_LINKS    = 
  CONFIG_COMMANDS = 
  $ ./config.status 

on localhost.localdomain

config.status:1214: creating Makefile
config.status:1214: creating doc/Makefile
config.status:1214: creating doc/api/Makefile
config.status:1214: creating npa-example-data/Makefile
config.status:1214: creating npa-example-data/dh/Makefile
config.status:1214: creating npa-example-data/ecdh/Makefile
config.status:1214: creating src/Makefile
config.status:1214: creating src/pcsclite-vpcd/Makefile
config.status:1214: creating src/ifd-vpcd/Makefile
config.status:1214: creating src/vpcd/Makefile
config.status:1214: creating src/vpicc/Makefile
config.status:1214: creating src/vpcd-config/Makefile
config.status:1214: creating config.h
config.status:1443: executing depfiles commands
config.status:1443: executing libtool commands

## ---------------- ##
## Cache variables. ##
## ---------------- ##

ac_cv_build=x86_64-redhat-linux-gnu
ac_cv_c_compiler_gnu=yes
ac_cv_c_uint16_t=yes
ac_cv_cxx_compiler_gnu=no
ac_cv_env_CCC_set=
ac_cv_env_CCC_value=
ac_cv_env_CC_set=
ac_cv_env_CC_value=
ac_cv_env_CFLAGS_set=set
ac_cv_env_CFLAGS_value='-O2 -g -pipe -Wall -Werror=format-security -Wp,-D_FORTIFY_SOURCE=2 -Wp,-D_GLIBCXX_ASSERTIONS -fexceptions -fstack-protector-strong -grecord-gcc-switches -specs=/usr/lib/rpm/redhat/redhat-hardened-cc1 -specs=/usr/lib/rpm/redhat/redhat-annobin-cc1 -m64 -mtune=generic -fasynchronous-unwind-tables -fstack-clash-protection -fcf-protection'
ac_cv_env_CPPFLAGS_set=
ac_cv_env_CPPFLAGS_value=
ac_cv_env_CPP_set=
ac_cv_env_CPP_value=
ac_cv_env_CXXCPP_set=
ac_cv_env_CXXCPP_value=
ac_cv_env_CXXFLAGS_set=set
ac_cv_env_CXXFLAGS_value='-O2 -g -pipe -Wall -Werror=format-security -Wp,-D_FORTIFY_SOURCE=2 -Wp,-D_GLIBCXX_ASSERTIONS -fexceptions -fstack-protector-strong -grecord-gcc-switches -specs=/usr/lib/rpm/redhat/redhat-hardened-cc1 -specs=/usr/lib/rpm/redhat/redhat-annobin-cc1 -m64 -mtune=generic -fasynchronous-unwind-tables -fstack-clash-protection -fcf-protection'
ac_cv_env_CXX_set=
ac_cv_env_CXX_value=
ac_cv_env_HELP2MAN_set=
ac_cv_env_HELP2MAN_value=
ac_cv_env_LDFLAGS_set=set
ac_cv_env_LDFLAGS_value='-Wl,-z,relro  -Wl,-z,now -specs=/usr/lib/rpm/redhat/redhat-hardened-ld'
ac_cv_env_LIBS_set=
ac_cv_env_LIBS_value=
ac_cv_env_LT_SYS_LIBRARY_PATH_set=
ac_cv_env_LT_SYS_LIBRARY_PATH_value=
ac_cv_env_PCSC_CFLAGS_set=
ac_cv_env_PCSC_CFLAGS_value=
ac_cv_env_PCSC_LIBS_set=
ac_cv_env_PCSC_LIBS_value=
ac_cv_env_PKG_CONFIG_LIBDIR_set=
ac_cv_env_PKG_CONFIG_LIBDIR_value=
ac_cv_env_PKG_CONFIG_PATH_set=set
ac_cv_env_PKG_CONFIG_PATH_value=:/usr/lib64/pkgconfig:/usr/share/pkgconfig
ac_cv_env_PKG_CONFIG_set=
ac_cv_env_PKG_CONFIG_value=
ac_cv_env_PYTHON_set=
ac_cv_env_PYTHON_value=
ac_cv_env_QRENCODE_CFLAGS_set=
ac_cv_env_QRENCODE_CFLAGS_value=
ac_cv_env_QRENCODE_LIBS_set=
ac_cv_env_QRENCODE_LIBS_value=
ac_cv_env_build_alias_set=set
ac_cv_env_build_alias_value=x86_64-redhat-linux-gnu
ac_cv_env_host_alias_set=set
ac_cv_env_host_alias_value=x86_64-redhat-linux-gnu
ac_cv_env_target_alias_set=
ac_cv_env_target_alias_value=
ac_cv_func_malloc_0_nonnull=yes
ac_cv_func_memset=yes
ac_cv_func_select=yes
ac_cv_func_socket=yes
ac_cv_have_decl_MSG_NOSIGNAL=yes
ac_cv_have_decl_SO_NOSIGPIPE=no
ac_cv_header_arpa_inet_h=yes
ac_cv_header_dlfcn_h=yes
ac_cv_header_ifdhandler_h=yes
ac_cv_header_inttypes_h=yes
ac_cv_header_memory_h=yes
ac_cv_header_qrencode_h=no
ac_cv_header_stdc=yes
ac_cv_header_stdint_h=yes
ac_cv_header_stdlib_h=yes
ac_cv_header_string_h=yes
ac_cv_header_strings_h=yes
ac_cv_header_sys_socket_h=yes
ac_cv_header_sys_stat_h=yes
ac_cv_header_sys_time_h=yes
ac_cv_header_sys_types_h=yes
ac_cv_header_unistd_h=yes
ac_cv_host=x86_64-redhat-linux-gnu
ac_cv_objext=o
ac_cv_path_EGREP='/usr/bin/grep -E'
ac_cv_path_FGREP='/usr/bin/grep -F'
ac_cv_path_GREP=/usr/bin/grep
ac_cv_path_HELP2MAN=/usr/bin/help2man
ac_cv_path_PKG_CONFIG=/usr/bin/x86_64-redhat-linux-gnu-pkg-config
ac_cv_path_PYTHON=/usr/bin/python3
ac_cv_path_SED=/usr/bin/sed
ac_cv_path_install='/usr/bin/install -c'
ac_cv_path_lt_DD=/usr/bin/dd
ac_cv_path_mkdir=/usr/bin/mkdir
ac_cv_prog_AWK=gawk
ac_cv_prog_CC=gcc
ac_cv_prog_CPP='gcc -E'
ac_cv_prog_ac_ct_AR=ar
ac_cv_prog_ac_ct_CC=gcc
ac_cv_prog_ac_ct_OBJDUMP=objdump
ac_cv_prog_ac_ct_RANLIB=ranlib
ac_cv_prog_ac_ct_STRIP=strip
ac_cv_prog_cc_c89=
ac_cv_prog_cc_g=yes
ac_cv_prog_cxx_g=no
ac_cv_prog_make_make_set=yes
ac_cv_type_size_t=yes
am_cv_CC_dependencies_compiler_type=none
am_cv_CXX_dependencies_compiler_type=none
am_cv_make_support_nested_variables=yes
am_cv_prog_cc_c_o=yes
am_cv_python_platform=linux
am_cv_python_pyexecdir='${exec_prefix}/lib64/python3.6/site-packages'
am_cv_python_pythondir='${prefix}/lib/python3.6/site-packages'
am_cv_python_version=3.6
ax_cv_PTHREAD_PRIO_INHERIT=yes
lt_cv_ar_at_file=@
lt_cv_archive_cmds_need_lc=no
lt_cv_deplibs_check_method=pass_all
lt_cv_file_magic_cmd='$MAGIC_CMD'
lt_cv_file_magic_test_file=
lt_cv_ld_reload_flag=-r
lt_cv_nm_interface='BSD nm'
lt_cv_objdir=.libs
lt_cv_path_LD=/usr/bin/ld
lt_cv_path_NM='/usr/bin/nm -B'
lt_cv_path_mainfest_tool=no
lt_cv_prog_compiler_c_o=yes
lt_cv_prog_compiler_pic='-fPIC -DPIC'
lt_cv_prog_compiler_pic_works=yes
lt_cv_prog_compiler_rtti_exceptions=no
lt_cv_prog_compiler_static_works=no
lt_cv_prog_gnu_ld=yes
lt_cv_sharedlib_from_linklib_cmd='printf %s\n'
lt_cv_shlibpath_overrides_runpath=no
lt_cv_sys_global_symbol_pipe='sed -n -e '\''s/^.*[	 ]\([ABCDGIRSTW][ABCDGIRSTW]*\)[	 ][	 ]*\([_A-Za-z][_A-Za-z0-9]*\)$/\1 \2 \2/p'\'' | sed '\''/ __gnu_lto/d'\'''
lt_cv_sys_global_symbol_to_c_name_address='sed -n -e '\''s/^: \(.*\) .*$/  {"\1", (void *) 0},/p'\'' -e '\''s/^[ABCDGIRSTW][ABCDGIRSTW]* .* \(.*\)$/  {"\1", (void *) \&\1},/p'\'''
lt_cv_sys_global_symbol_to_c_name_address_lib_prefix='sed -n -e '\''s/^: \(.*\) .*$/  {"\1", (void *) 0},/p'\'' -e '\''s/^[ABCDGIRSTW][ABCDGIRSTW]* .* \(lib.*\)$/  {"\1", (void *) \&\1},/p'\'' -e '\''s/^[ABCDGIRSTW][ABCDGIRSTW]* .* \(.*\)$/  {"lib\1", (void *) \&\1},/p'\'''
lt_cv_sys_global_symbol_to_cdecl='sed -n -e '\''s/^T .* \(.*\)$/extern int \1();/p'\'' -e '\''s/^[ABCDGIRSTW][ABCDGIRSTW]* .* \(.*\)$/extern char \1;/p'\'''
lt_cv_sys_global_symbol_to_import=
lt_cv_sys_max_cmd_len=1572864
lt_cv_to_host_file_cmd=func_convert_file_noop
lt_cv_to_tool_file_cmd=func_convert_file_noop
lt_cv_truncate_bin='/usr/bin/dd bs=4096 count=1'
pkg_cv_PCSC_CFLAGS='-I/usr/include/PCSC -pthread '
pkg_cv_PCSC_LIBS='-lpcsclite '

## ----------------- ##
## Output variables. ##
## ----------------- ##

ACLOCAL='${SHELL} /home/user/rpmbuild/BUILD/virtualsmartcard-0.7/missing aclocal-1.16'
AMDEPBACKSLASH=''
AMDEP_FALSE=''
AMDEP_TRUE='#'
AMTAR='$${TAR-tar}'
AM_BACKSLASH='\'
AM_DEFAULT_V='$(AM_DEFAULT_VERBOSITY)'
AM_DEFAULT_VERBOSITY='0'
AM_V='$(V)'
AR='ar'
AS='as'
AUTOCONF='${SHELL} /home/user/rpmbuild/BUILD/virtualsmartcard-0.7/missing autoconf'
AUTOHEADER='${SHELL} /home/user/rpmbuild/BUILD/virtualsmartcard-0.7/missing autoheader'
AUTOMAKE='${SHELL} /home/user/rpmbuild/BUILD/virtualsmartcard-0.7/missing automake-1.16'
AWK='gawk'
BUILD_LIBPCSCLITE_FALSE=''
BUILD_LIBPCSCLITE_TRUE='#'
BUNDLE_HOST='Linux'
CC='gcc'
CCDEPMODE='depmode=none'
CFLAGS='-O2 -g -pipe -Wall -Werror=format-security -Wp,-D_FORTIFY_SOURCE=2 -Wp,-D_GLIBCXX_ASSERTIONS -fexceptions -fstack-protector-strong -grecord-gcc-switches -specs=/usr/lib/rpm/redhat/redhat-hardened-cc1 -specs=/usr/lib/rpm/redhat/redhat-annobin-cc1 -m64 -mtune=generic -fasynchronous-unwind-tables -fstack-clash-protection -fcf-protection'
CPP='gcc -E'
CPPFLAGS=''
CXX='g++'
CXXCPP=''
CXXDEPMODE='depmode=none'
CXXFLAGS='-O2 -g -pipe -Wall -Werror=format-security -Wp,-D_FORTIFY_SOURCE=2 -Wp,-D_GLIBCXX_ASSERTIONS -fexceptions -fstack-protector-strong -grecord-gcc-switches -specs=/usr/lib/rpm/redhat/redhat-hardened-cc1 -specs=/usr/lib/rpm/redhat/redhat-annobin-cc1 -m64 -mtune=generic -fasynchronous-unwind-tables -fstack-clash-protection -fcf-protection'
CYGPATH_W='echo'
DEFS='-DHAVE_CONFIG_H'
DEPDIR='.deps'
DLLTOOL='false'
DSYMUTIL=''
DUMPBIN=''
DYN_LIB_EXT='so'
ECHO_C=''
ECHO_N='-n'
ECHO_T=''
EGREP='/usr/bin/grep -E'
EXEEXT=''
FGREP='/usr/bin/grep -F'
GREP='/usr/bin/grep'
HAVE_QRENCODE_FALSE=''
HAVE_QRENCODE_TRUE='#'
HELP2MAN='/usr/bin/help2man'
INSTALL_DATA='${INSTALL} -m 644'
INSTALL_PROGRAM='${INSTALL}'
INSTALL_SCRIPT='${INSTALL}'
INSTALL_STRIP_PROGRAM='$(install_sh) -c -s'
LD='/usr/bin/ld -m elf_x86_64'
LDFLAGS='-Wl,-z,relro  -Wl,-z,now -specs=/usr/lib/rpm/redhat/redhat-hardened-ld'
LIBOBJS=''
LIBS=''
LIBTOOL='$(SHELL) $(top_builddir)/libtool'
LIB_PREFIX='lib'
LIPO=''
LN_S='ln -s'
LTLIBOBJS=''
LT_SYS_LIBRARY_PATH=''
MAKEINFO='${SHELL} /home/user/rpmbuild/BUILD/virtualsmartcard-0.7/missing makeinfo'
MANIFEST_TOOL=':'
MKDIR_P='/usr/bin/mkdir -p'
NM='/usr/bin/nm -B'
NMEDIT=''
OBJDUMP='objdump'
OBJEXT='o'
OTOOL64=''
OTOOL=''
PACKAGE='virtualsmartcard'
PACKAGE_BUGREPORT='https://github.com/frankmorgner/vsmartcard/issues'
PACKAGE_NAME='Virtual Smart Card'
PACKAGE_STRING='Virtual Smart Card 0.7'
PACKAGE_SUMMARY='Smart card emulator written in Python'
PACKAGE_TARNAME='virtualsmartcard'
PACKAGE_URL='http://frankmorgner.github.io/vsmartcard/virtualsmartcard/README.html'
PACKAGE_VERSION='0.7'
PATH_SEPARATOR=':'
PCSC_CFLAGS='-I/usr/include/PCSC -pthread '
PCSC_LIBS='-lpcsclite '
PKG_CONFIG='/usr/bin/x86_64-redhat-linux-gnu-pkg-config'
PKG_CONFIG_LIBDIR=''
PKG_CONFIG_PATH=':/usr/lib64/pkgconfig:/usr/share/pkgconfig'
PTHREAD_CC='gcc'
PTHREAD_CFLAGS='-pthread'
PTHREAD_LIBS=''
PYTHON='/usr/bin/python3'
PYTHON_EXEC_PREFIX='${exec_prefix}'
PYTHON_PLATFORM='linux'
PYTHON_PREFIX='${prefix}'
PYTHON_VERSION='3.6'
QRENCODE_CFLAGS=''
QRENCODE_LIBS=''
RANLIB='ranlib'
SED='/usr/bin/sed'
SET_MAKE=''
SHELL='/bin/sh'
STRIP='strip'
VERSION='0.7'
ac_ct_AR='ar'
ac_ct_CC='gcc'
ac_ct_CXX=''
ac_ct_DUMPBIN=''
am__EXEEXT_FALSE=''
am__EXEEXT_TRUE='#'
am__fastdepCC_FALSE=''
am__fastdepCC_TRUE='#'
am__fastdepCXX_FALSE=''
am__fastdepCXX_TRUE='#'
am__include='include'
am__isrc=''
am__leading_dot='.'
am__nodep=''
am__quote=''
am__tar='$${TAR-tar} chof - "$$tardir"'
am__untar='$${TAR-tar} xf -'
ax_pthread_config=''
bindir='/usr/bin'
build='x86_64-redhat-linux-gnu'
build_alias='x86_64-redhat-linux-gnu'
build_cpu='x86_64'
build_os='linux-gnu'
build_vendor='redhat'
datadir='/usr/share'
datarootdir='${prefix}/share'
docdir='${datarootdir}/doc/${PACKAGE_TARNAME}'
dvidir='${docdir}'
exec_prefix='/usr'
host='x86_64-redhat-linux-gnu'
host_alias='x86_64-redhat-linux-gnu'
host_cpu='x86_64'
host_os='linux-gnu'
host_vendor='redhat'
htmldir='${docdir}'
includedir='/usr/include'
infodir='/usr/share/info'
install_sh='${SHELL} /home/user/rpmbuild/BUILD/virtualsmartcard-0.7/install-sh'
libdir='/usr/lib64'
libexecdir='/usr/libexec'
localedir='${datarootdir}/locale'
localstatedir='/var'
mandir='/usr/share/man'
mkdir_p='$(MKDIR_P)'
oldincludedir='/usr/include'
pdfdir='${docdir}'
pkgpyexecdir='${pyexecdir}/virtualsmartcard'
pkgpythondir='${pythondir}/virtualsmartcard'
prefix='/usr'
program_transform_name='s&^&&'
psdir='${docdir}'
pyexecdir='${exec_prefix}/lib64/python3.6/site-packages'
pythondir='${prefix}/lib/python3.6/site-packages'
sbindir='/usr/sbin'
serialconfdir='/etc/reader.conf.d'
serialdropdir='/usr/lib64/pcsc/drivers/serial'
sharedstatedir='/var/lib'
sysconfdir='/etc'
target_alias=''
vpcdhost='/dev/null'

## ----------- ##
## confdefs.h. ##
## ----------- ##

/* confdefs.h */
#define PACKAGE_NAME "Virtual Smart Card"
#define PACKAGE_TARNAME "virtualsmartcard"
#define PACKAGE_VERSION "0.7"
#define PACKAGE_STRING "Virtual Smart Card 0.7"
#define PACKAGE_BUGREPORT "https://github.com/frankmorgner/vsmartcard/issues"
#define PACKAGE_URL "http://frankmorgner.github.io/vsmartcard/virtualsmartcard/README.html"
#define PACKAGE "virtualsmartcard"
#define VERSION "0.7"
#define STDC_HEADERS 1
#define HAVE_SYS_TYPES_H 1
#define HAVE_SYS_STAT_H 1
#define HAVE_STDLIB_H 1
#define HAVE_STRING_H 1
#define HAVE_MEMORY_H 1
#define HAVE_STRINGS_H 1
#define HAVE_INTTYPES_H 1
#define HAVE_STDINT_H 1
#define HAVE_UNISTD_H 1
#define HAVE_DLFCN_H 1
#define LT_OBJDIR ".libs/"
#define HAVE_PTHREAD_PRIO_INHERIT 1
#define HAVE_PTHREAD 1
#define HAVE_IFDHANDLER_H 1
#define VPCDHOST NULL
#define HAVE_ARPA_INET_H 1
#define HAVE_STDINT_H 1
#define HAVE_STDLIB_H 1
#define HAVE_STRING_H 1
#define HAVE_SYS_SOCKET_H 1
#define HAVE_SYS_TIME_H 1
#define HAVE_UNISTD_H 1
#define HAVE_DECL_SO_NOSIGPIPE 0
#define HAVE_DECL_MSG_NOSIGNAL 1
#define HAVE_STDLIB_H 1
#define HAVE_MALLOC 1
#define HAVE_MEMSET 1
#define HAVE_SELECT 1
#define HAVE_SOCKET 1

configure: exit 0
